2025-01-13 20:45:27.481 [main] DEBUG org.mykhailomi.simulators.generator.illuminance.SimpleIlluminanceGeneratorImpl - hour=0
2025-01-13 20:45:27.486 [main] DEBUG org.mykhailomi.simulators.generator.illuminance.SimpleIlluminanceGeneratorImpl - index=0
2025-01-13 20:45:27.486 [main] DEBUG org.mykhailomi.simulators.generator.illuminance.SimpleIlluminanceGeneratorImpl - hours[index]=0
2025-01-13 20:45:27.487 [main] DEBUG org.mykhailomi.simulators.generator.illuminance.SimpleIlluminanceGeneratorImpl - luxLog=-3.1
2025-01-13 20:45:27.487 [main] INFO  org.mykhailomi.generator.IlluminanceGeneratorTest - lux=7.943282347242813E-4
2025-01-13 21:18:02.453 [main] INFO  org.mykhailomi.generator.SimpleTimeGeneratorTest - time=12:45:55
2025-01-13 21:43:21.457 [main] INFO  org.mykhailomi.generator.SimpleTimeGeneratorTest - time=13:45:55
2025-01-13 21:43:39.165 [main] INFO  org.mykhailomi.generator.SimpleTimeGeneratorTest - time=13:15:55
2025-01-13 21:47:03.751 [main] INFO  org.mykhailomi.generator.SimpleTimeGeneratorTest - time=14:17:00
2025-01-13 21:47:26.058 [main] INFO  org.mykhailomi.generator.SimpleTimeGeneratorTest - time=14:17:00
2025-01-13 21:48:54.987 [main] INFO  org.mykhailomi.generator.SimpleTimeGeneratorTest - Time=14:17:00
2025-01-13 21:49:17.109 [main] DEBUG org.mykhailomi.simulators.generator.illuminance.SimpleIlluminanceGeneratorImpl - hour=0
2025-01-13 21:49:17.113 [main] DEBUG org.mykhailomi.simulators.generator.illuminance.SimpleIlluminanceGeneratorImpl - index=0
2025-01-13 21:49:17.113 [main] DEBUG org.mykhailomi.simulators.generator.illuminance.SimpleIlluminanceGeneratorImpl - hours[index]=0
2025-01-13 21:49:17.113 [main] DEBUG org.mykhailomi.simulators.generator.illuminance.SimpleIlluminanceGeneratorImpl - luxLog=-3.1
2025-01-13 21:49:17.113 [main] INFO  org.mykhailomi.generator.IlluminanceGeneratorTest - lux=7.943282347242813E-4
2025-01-13 21:49:30.626 [main] DEBUG org.mykhailomi.simulators.generator.illuminance.SimpleIlluminanceGeneratorImpl - hour=77
2025-01-13 21:49:48.315 [main] DEBUG org.mykhailomi.simulators.generator.illuminance.SimpleIlluminanceGeneratorImpl - hour=22
2025-01-13 21:49:48.320 [main] DEBUG org.mykhailomi.simulators.generator.illuminance.SimpleIlluminanceGeneratorImpl - index=8
2025-01-13 21:49:48.320 [main] DEBUG org.mykhailomi.simulators.generator.illuminance.SimpleIlluminanceGeneratorImpl - hours[index]=20
2025-01-13 21:49:48.320 [main] DEBUG org.mykhailomi.simulators.generator.illuminance.SimpleIlluminanceGeneratorImpl - luxLog=-3.1500000000000004
2025-01-13 21:49:48.320 [main] INFO  org.mykhailomi.generator.IlluminanceGeneratorTest - lux=7.079457843841374E-4
2025-01-13 21:49:49.380 [main] DEBUG org.mykhailomi.simulators.generator.illuminance.SimpleIlluminanceGeneratorImpl - hour=22
2025-01-13 21:49:49.385 [main] DEBUG org.mykhailomi.simulators.generator.illuminance.SimpleIlluminanceGeneratorImpl - index=8
2025-01-13 21:49:49.385 [main] DEBUG org.mykhailomi.simulators.generator.illuminance.SimpleIlluminanceGeneratorImpl - hours[index]=20
2025-01-13 21:49:49.385 [main] DEBUG org.mykhailomi.simulators.generator.illuminance.SimpleIlluminanceGeneratorImpl - luxLog=-3.1500000000000004
2025-01-13 21:49:49.385 [main] INFO  org.mykhailomi.generator.IlluminanceGeneratorTest - lux=7.079457843841374E-4
