2025-01-16 23:01:04.840 [main] INFO  org.mykhailomi.simulators.simulator.LightControlScheduleSimulatorImpl - Time: 00 00:00:00
2025-01-16 23:01:04.843 [main] DEBUG org.mykhailomi.simulators.generator.illuminance.SimpleIlluminanceGeneratorImpl - hour=0
2025-01-16 23:01:04.847 [main] DEBUG org.mykhailomi.simulators.generator.illuminance.SimpleIlluminanceGeneratorImpl - index=0
2025-01-16 23:01:04.847 [main] DEBUG org.mykhailomi.simulators.generator.illuminance.SimpleIlluminanceGeneratorImpl - hours[index]=0
2025-01-16 23:01:04.847 [main] DEBUG org.mykhailomi.simulators.generator.illuminance.SimpleIlluminanceGeneratorImpl - luxLog=-3.1
2025-01-16 23:01:04.847 [main] INFO  org.mykhailomi.simulators.simulator.LightControlScheduleSimulatorImpl - Lux: 7.943282347242813E-4
2025-01-16 23:01:04.847 [main] INFO  org.mykhailomi.simulators.simulator.LightControlScheduleSimulatorImpl - Time: 00 00:30:00
2025-01-16 23:01:04.847 [main] DEBUG org.mykhailomi.simulators.generator.illuminance.SimpleIlluminanceGeneratorImpl - hour=0
2025-01-16 23:01:04.848 [main] DEBUG org.mykhailomi.simulators.generator.illuminance.SimpleIlluminanceGeneratorImpl - index=0
2025-01-16 23:01:04.848 [main] DEBUG org.mykhailomi.simulators.generator.illuminance.SimpleIlluminanceGeneratorImpl - hours[index]=0
2025-01-16 23:01:04.848 [main] DEBUG org.mykhailomi.simulators.generator.illuminance.SimpleIlluminanceGeneratorImpl - luxLog=-3.1
2025-01-16 23:01:04.848 [main] INFO  org.mykhailomi.simulators.simulator.LightControlScheduleSimulatorImpl - Lux: 7.943282347242813E-4
2025-01-16 23:01:04.848 [main] INFO  org.mykhailomi.simulators.simulator.LightControlScheduleSimulatorImpl - Time: 00 01:00:00
2025-01-16 23:01:04.848 [main] DEBUG org.mykhailomi.simulators.generator.illuminance.SimpleIlluminanceGeneratorImpl - hour=1
2025-01-16 23:01:04.849 [main] DEBUG org.mykhailomi.simulators.generator.illuminance.SimpleIlluminanceGeneratorImpl - index=0
2025-01-16 23:01:04.849 [main] DEBUG org.mykhailomi.simulators.generator.illuminance.SimpleIlluminanceGeneratorImpl - hours[index]=0
2025-01-16 23:01:04.849 [main] DEBUG org.mykhailomi.simulators.generator.illuminance.SimpleIlluminanceGeneratorImpl - luxLog=-3.1
2025-01-16 23:01:04.849 [main] INFO  org.mykhailomi.simulators.simulator.LightControlScheduleSimulatorImpl - Lux: 7.943282347242813E-4
2025-01-16 23:01:04.849 [main] INFO  org.mykhailomi.simulators.simulator.LightControlScheduleSimulatorImpl - Time: 00 01:30:00
2025-01-16 23:01:04.849 [main] DEBUG org.mykhailomi.simulators.generator.illuminance.SimpleIlluminanceGeneratorImpl - hour=1
2025-01-16 23:01:04.849 [main] DEBUG org.mykhailomi.simulators.generator.illuminance.SimpleIlluminanceGeneratorImpl - index=0
2025-01-16 23:01:04.849 [main] DEBUG org.mykhailomi.simulators.generator.illuminance.SimpleIlluminanceGeneratorImpl - hours[index]=0
2025-01-16 23:01:04.849 [main] DEBUG org.mykhailomi.simulators.generator.illuminance.SimpleIlluminanceGeneratorImpl - luxLog=-3.1
2025-01-16 23:01:04.849 [main] INFO  org.mykhailomi.simulators.simulator.LightControlScheduleSimulatorImpl - Lux: 7.943282347242813E-4
2025-01-16 23:01:04.850 [main] INFO  org.mykhailomi.simulators.simulator.LightControlScheduleSimulatorImpl - Time: 00 02:00:00
2025-01-16 23:01:04.850 [main] DEBUG org.mykhailomi.simulators.generator.illuminance.SimpleIlluminanceGeneratorImpl - hour=2
2025-01-16 23:01:04.850 [main] DEBUG org.mykhailomi.simulators.generator.illuminance.SimpleIlluminanceGeneratorImpl - index=0
2025-01-16 23:01:04.850 [main] DEBUG org.mykhailomi.simulators.generator.illuminance.SimpleIlluminanceGeneratorImpl - hours[index]=0
2025-01-16 23:01:04.850 [main] DEBUG org.mykhailomi.simulators.generator.illuminance.SimpleIlluminanceGeneratorImpl - luxLog=-3.1
2025-01-16 23:01:04.850 [main] INFO  org.mykhailomi.simulators.simulator.LightControlScheduleSimulatorImpl - Lux: 7.943282347242813E-4
2025-01-16 23:01:04.850 [main] INFO  org.mykhailomi.simulators.simulator.LightControlScheduleSimulatorImpl - Time: 00 02:30:00
2025-01-16 23:01:04.850 [main] DEBUG org.mykhailomi.simulators.generator.illuminance.SimpleIlluminanceGeneratorImpl - hour=2
2025-01-16 23:01:04.850 [main] DEBUG org.mykhailomi.simulators.generator.illuminance.SimpleIlluminanceGeneratorImpl - index=0
2025-01-16 23:01:04.850 [main] DEBUG org.mykhailomi.simulators.generator.illuminance.SimpleIlluminanceGeneratorImpl - hours[index]=0
2025-01-16 23:01:04.851 [main] DEBUG org.mykhailomi.simulators.generator.illuminance.SimpleIlluminanceGeneratorImpl - luxLog=-3.1
2025-01-16 23:01:04.851 [main] INFO  org.mykhailomi.simulators.simulator.LightControlScheduleSimulatorImpl - Lux: 7.943282347242813E-4
2025-01-16 23:01:04.851 [main] INFO  org.mykhailomi.simulators.simulator.LightControlScheduleSimulatorImpl - Time: 00 03:00:00
2025-01-16 23:01:04.851 [main] DEBUG org.mykhailomi.simulators.generator.illuminance.SimpleIlluminanceGeneratorImpl - hour=3
2025-01-16 23:01:04.851 [main] DEBUG org.mykhailomi.simulators.generator.illuminance.SimpleIlluminanceGeneratorImpl - index=1
2025-01-16 23:01:04.851 [main] DEBUG org.mykhailomi.simulators.generator.illuminance.SimpleIlluminanceGeneratorImpl - hours[index]=3
2025-01-16 23:01:04.851 [main] DEBUG org.mykhailomi.simulators.generator.illuminance.SimpleIlluminanceGeneratorImpl - luxLog=-3.1
2025-01-16 23:01:04.851 [main] INFO  org.mykhailomi.simulators.simulator.LightControlScheduleSimulatorImpl - Lux: 7.943282347242813E-4
2025-01-16 23:01:04.851 [main] INFO  org.mykhailomi.simulators.simulator.LightControlScheduleSimulatorImpl - Time: 00 03:30:00
2025-01-16 23:01:04.852 [main] DEBUG org.mykhailomi.simulators.generator.illuminance.SimpleIlluminanceGeneratorImpl - hour=3
2025-01-16 23:01:04.852 [main] DEBUG org.mykhailomi.simulators.generator.illuminance.SimpleIlluminanceGeneratorImpl - index=1
2025-01-16 23:01:04.852 [main] DEBUG org.mykhailomi.simulators.generator.illuminance.SimpleIlluminanceGeneratorImpl - hours[index]=3
2025-01-16 23:01:04.852 [main] DEBUG org.mykhailomi.simulators.generator.illuminance.SimpleIlluminanceGeneratorImpl - luxLog=-3.1
2025-01-16 23:01:04.852 [main] INFO  org.mykhailomi.simulators.simulator.LightControlScheduleSimulatorImpl - Lux: 7.943282347242813E-4
2025-01-16 23:01:04.852 [main] INFO  org.mykhailomi.simulators.simulator.LightControlScheduleSimulatorImpl - Time: 00 04:00:00
2025-01-16 23:01:04.852 [main] DEBUG org.mykhailomi.simulators.generator.illuminance.SimpleIlluminanceGeneratorImpl - hour=4
2025-01-16 23:01:04.852 [main] DEBUG org.mykhailomi.simulators.generator.illuminance.SimpleIlluminanceGeneratorImpl - index=2
2025-01-16 23:01:04.852 [main] DEBUG org.mykhailomi.simulators.generator.illuminance.SimpleIlluminanceGeneratorImpl - hours[index]=4
2025-01-16 23:01:04.852 [main] DEBUG org.mykhailomi.simulators.generator.illuminance.SimpleIlluminanceGeneratorImpl - luxLog=-3.3
2025-01-16 23:01:04.853 [main] INFO  org.mykhailomi.simulators.simulator.LightControlScheduleSimulatorImpl - Lux: 5.011872336272725E-4
2025-01-16 23:01:04.853 [main] INFO  org.mykhailomi.simulators.simulator.LightControlScheduleSimulatorImpl - Time: 00 04:30:00
2025-01-16 23:01:04.853 [main] DEBUG org.mykhailomi.simulators.generator.illuminance.SimpleIlluminanceGeneratorImpl - hour=4
2025-01-16 23:01:04.853 [main] DEBUG org.mykhailomi.simulators.generator.illuminance.SimpleIlluminanceGeneratorImpl - index=2
2025-01-16 23:01:04.853 [main] DEBUG org.mykhailomi.simulators.generator.illuminance.SimpleIlluminanceGeneratorImpl - hours[index]=4
2025-01-16 23:01:04.853 [main] DEBUG org.mykhailomi.simulators.generator.illuminance.SimpleIlluminanceGeneratorImpl - luxLog=-3.3
2025-01-16 23:01:04.853 [main] INFO  org.mykhailomi.simulators.simulator.LightControlScheduleSimulatorImpl - Lux: 5.011872336272725E-4
2025-01-16 23:01:04.853 [main] INFO  org.mykhailomi.simulators.simulator.LightControlScheduleSimulatorImpl - Time: 00 05:00:00
2025-01-16 23:01:04.853 [main] DEBUG org.mykhailomi.simulators.generator.illuminance.SimpleIlluminanceGeneratorImpl - hour=5
2025-01-16 23:01:04.854 [main] DEBUG org.mykhailomi.simulators.generator.illuminance.SimpleIlluminanceGeneratorImpl - index=2
2025-01-16 23:01:04.854 [main] DEBUG org.mykhailomi.simulators.generator.illuminance.SimpleIlluminanceGeneratorImpl - hours[index]=4
2025-01-16 23:01:04.854 [main] DEBUG org.mykhailomi.simulators.generator.illuminance.SimpleIlluminanceGeneratorImpl - luxLog=-0.1499999999999999
2025-01-16 23:01:04.854 [main] INFO  org.mykhailomi.simulators.simulator.LightControlScheduleSimulatorImpl - Lux: 0.707945784384138
2025-01-16 23:01:04.854 [main] INFO  org.mykhailomi.simulators.simulator.LightControlScheduleSimulatorImpl - Time: 00 05:30:00
2025-01-16 23:01:04.854 [main] DEBUG org.mykhailomi.simulators.generator.illuminance.SimpleIlluminanceGeneratorImpl - hour=5
2025-01-16 23:01:04.854 [main] DEBUG org.mykhailomi.simulators.generator.illuminance.SimpleIlluminanceGeneratorImpl - index=2
2025-01-16 23:01:04.854 [main] DEBUG org.mykhailomi.simulators.generator.illuminance.SimpleIlluminanceGeneratorImpl - hours[index]=4
2025-01-16 23:01:04.854 [main] DEBUG org.mykhailomi.simulators.generator.illuminance.SimpleIlluminanceGeneratorImpl - luxLog=-0.1499999999999999
2025-01-16 23:01:04.856 [main] INFO  org.mykhailomi.simulators.simulator.LightControlScheduleSimulatorImpl - Lux: 0.707945784384138
2025-01-16 23:01:04.856 [main] INFO  org.mykhailomi.simulators.simulator.LightControlScheduleSimulatorImpl - Time: 00 06:00:00
2025-01-16 23:01:04.856 [main] DEBUG org.mykhailomi.simulators.generator.illuminance.SimpleIlluminanceGeneratorImpl - hour=6
2025-01-16 23:01:04.856 [main] DEBUG org.mykhailomi.simulators.generator.illuminance.SimpleIlluminanceGeneratorImpl - index=3
2025-01-16 23:01:04.856 [main] DEBUG org.mykhailomi.simulators.generator.illuminance.SimpleIlluminanceGeneratorImpl - hours[index]=6
2025-01-16 23:01:04.856 [main] DEBUG org.mykhailomi.simulators.generator.illuminance.SimpleIlluminanceGeneratorImpl - luxLog=3.0
2025-01-16 23:01:04.856 [main] INFO  org.mykhailomi.simulators.simulator.LightControlScheduleSimulatorImpl - Lux: 1000.0
2025-01-16 23:01:04.856 [main] INFO  org.mykhailomi.simulators.simulator.LightControlScheduleSimulatorImpl - Time: 00 06:30:00
2025-01-16 23:01:04.856 [main] DEBUG org.mykhailomi.simulators.generator.illuminance.SimpleIlluminanceGeneratorImpl - hour=6
2025-01-16 23:01:04.856 [main] DEBUG org.mykhailomi.simulators.generator.illuminance.SimpleIlluminanceGeneratorImpl - index=3
2025-01-16 23:01:04.856 [main] DEBUG org.mykhailomi.simulators.generator.illuminance.SimpleIlluminanceGeneratorImpl - hours[index]=6
2025-01-16 23:01:04.856 [main] DEBUG org.mykhailomi.simulators.generator.illuminance.SimpleIlluminanceGeneratorImpl - luxLog=3.0
2025-01-16 23:01:04.856 [main] INFO  org.mykhailomi.simulators.simulator.LightControlScheduleSimulatorImpl - Lux: 1000.0
2025-01-16 23:01:04.857 [main] INFO  org.mykhailomi.simulators.simulator.LightControlScheduleSimulatorImpl - Time: 00 07:00:00
2025-01-16 23:01:04.857 [main] DEBUG org.mykhailomi.simulators.generator.illuminance.SimpleIlluminanceGeneratorImpl - hour=7
2025-01-16 23:01:04.857 [main] DEBUG org.mykhailomi.simulators.generator.illuminance.SimpleIlluminanceGeneratorImpl - index=3
2025-01-16 23:01:04.857 [main] DEBUG org.mykhailomi.simulators.generator.illuminance.SimpleIlluminanceGeneratorImpl - hours[index]=6
2025-01-16 23:01:04.857 [main] DEBUG org.mykhailomi.simulators.generator.illuminance.SimpleIlluminanceGeneratorImpl - luxLog=3.75
2025-01-16 23:01:04.857 [main] INFO  org.mykhailomi.simulators.simulator.LightControlScheduleSimulatorImpl - Lux: 5623.413251903491
2025-01-16 23:01:04.857 [main] INFO  org.mykhailomi.simulators.simulator.LightControlScheduleSimulatorImpl - Time: 00 07:30:00
2025-01-16 23:01:04.857 [main] DEBUG org.mykhailomi.simulators.generator.illuminance.SimpleIlluminanceGeneratorImpl - hour=7
2025-01-16 23:01:04.857 [main] DEBUG org.mykhailomi.simulators.generator.illuminance.SimpleIlluminanceGeneratorImpl - index=3
2025-01-16 23:01:04.857 [main] DEBUG org.mykhailomi.simulators.generator.illuminance.SimpleIlluminanceGeneratorImpl - hours[index]=6
2025-01-16 23:01:04.857 [main] DEBUG org.mykhailomi.simulators.generator.illuminance.SimpleIlluminanceGeneratorImpl - luxLog=3.75
2025-01-16 23:01:04.858 [main] INFO  org.mykhailomi.simulators.simulator.LightControlScheduleSimulatorImpl - Lux: 5623.413251903491
2025-01-16 23:01:04.858 [main] INFO  org.mykhailomi.simulators.simulator.LightControlScheduleSimulatorImpl - Time: 00 08:00:00
2025-01-16 23:01:04.858 [main] DEBUG org.mykhailomi.simulators.generator.illuminance.SimpleIlluminanceGeneratorImpl - hour=8
2025-01-16 23:01:04.858 [main] DEBUG org.mykhailomi.simulators.generator.illuminance.SimpleIlluminanceGeneratorImpl - index=4
2025-01-16 23:01:04.858 [main] DEBUG org.mykhailomi.simulators.generator.illuminance.SimpleIlluminanceGeneratorImpl - hours[index]=8
2025-01-16 23:01:04.858 [main] DEBUG org.mykhailomi.simulators.generator.illuminance.SimpleIlluminanceGeneratorImpl - luxLog=4.5
2025-01-16 23:01:04.858 [main] INFO  org.mykhailomi.simulators.simulator.LightControlScheduleSimulatorImpl - Lux: 31622.776601683792
2025-01-16 23:01:04.858 [main] INFO  org.mykhailomi.simulators.simulator.LightControlScheduleSimulatorImpl - Time: 00 08:30:00
2025-01-16 23:01:04.858 [main] DEBUG org.mykhailomi.simulators.generator.illuminance.SimpleIlluminanceGeneratorImpl - hour=8
2025-01-16 23:01:04.858 [main] DEBUG org.mykhailomi.simulators.generator.illuminance.SimpleIlluminanceGeneratorImpl - index=4
2025-01-16 23:01:04.860 [main] DEBUG org.mykhailomi.simulators.generator.illuminance.SimpleIlluminanceGeneratorImpl - hours[index]=8
2025-01-16 23:01:04.860 [main] DEBUG org.mykhailomi.simulators.generator.illuminance.SimpleIlluminanceGeneratorImpl - luxLog=4.5
2025-01-16 23:01:04.860 [main] INFO  org.mykhailomi.simulators.simulator.LightControlScheduleSimulatorImpl - Lux: 31622.776601683792
2025-01-16 23:01:04.860 [main] INFO  org.mykhailomi.simulators.simulator.LightControlScheduleSimulatorImpl - Time: 00 09:00:00
2025-01-16 23:01:04.860 [main] DEBUG org.mykhailomi.simulators.generator.illuminance.SimpleIlluminanceGeneratorImpl - hour=9
2025-01-16 23:01:04.860 [main] DEBUG org.mykhailomi.simulators.generator.illuminance.SimpleIlluminanceGeneratorImpl - index=4
2025-01-16 23:01:04.860 [main] DEBUG org.mykhailomi.simulators.generator.illuminance.SimpleIlluminanceGeneratorImpl - hours[index]=8
2025-01-16 23:01:04.860 [main] DEBUG org.mykhailomi.simulators.generator.illuminance.SimpleIlluminanceGeneratorImpl - luxLog=4.675
2025-01-16 23:01:04.860 [main] INFO  org.mykhailomi.simulators.simulator.LightControlScheduleSimulatorImpl - Lux: 47315.12589614803
2025-01-16 23:01:04.860 [main] INFO  org.mykhailomi.simulators.simulator.LightControlScheduleSimulatorImpl - Time: 00 09:30:00
2025-01-16 23:01:04.860 [main] DEBUG org.mykhailomi.simulators.generator.illuminance.SimpleIlluminanceGeneratorImpl - hour=9
2025-01-16 23:01:04.860 [main] DEBUG org.mykhailomi.simulators.generator.illuminance.SimpleIlluminanceGeneratorImpl - index=4
2025-01-16 23:01:04.860 [main] DEBUG org.mykhailomi.simulators.generator.illuminance.SimpleIlluminanceGeneratorImpl - hours[index]=8
2025-01-16 23:01:04.861 [main] DEBUG org.mykhailomi.simulators.generator.illuminance.SimpleIlluminanceGeneratorImpl - luxLog=4.675
2025-01-16 23:01:04.861 [main] INFO  org.mykhailomi.simulators.simulator.LightControlScheduleSimulatorImpl - Lux: 47315.12589614803
2025-01-16 23:01:04.861 [main] INFO  org.mykhailomi.simulators.simulator.LightControlScheduleSimulatorImpl - Time: 00 10:00:00
2025-01-16 23:01:04.861 [main] DEBUG org.mykhailomi.simulators.generator.illuminance.SimpleIlluminanceGeneratorImpl - hour=10
2025-01-16 23:01:04.861 [main] DEBUG org.mykhailomi.simulators.generator.illuminance.SimpleIlluminanceGeneratorImpl - index=4
2025-01-16 23:01:04.861 [main] DEBUG org.mykhailomi.simulators.generator.illuminance.SimpleIlluminanceGeneratorImpl - hours[index]=8
2025-01-16 23:01:04.862 [main] DEBUG org.mykhailomi.simulators.generator.illuminance.SimpleIlluminanceGeneratorImpl - luxLog=4.85
2025-01-16 23:01:04.862 [main] INFO  org.mykhailomi.simulators.simulator.LightControlScheduleSimulatorImpl - Lux: 70794.57843841374
2025-01-16 23:01:04.862 [main] INFO  org.mykhailomi.simulators.simulator.LightControlScheduleSimulatorImpl - Time: 00 10:30:00
2025-01-16 23:01:04.862 [main] DEBUG org.mykhailomi.simulators.generator.illuminance.SimpleIlluminanceGeneratorImpl - hour=10
2025-01-16 23:01:04.862 [main] DEBUG org.mykhailomi.simulators.generator.illuminance.SimpleIlluminanceGeneratorImpl - index=4
2025-01-16 23:01:04.862 [main] DEBUG org.mykhailomi.simulators.generator.illuminance.SimpleIlluminanceGeneratorImpl - hours[index]=8
2025-01-16 23:01:04.862 [main] DEBUG org.mykhailomi.simulators.generator.illuminance.SimpleIlluminanceGeneratorImpl - luxLog=4.85
2025-01-16 23:01:04.862 [main] INFO  org.mykhailomi.simulators.simulator.LightControlScheduleSimulatorImpl - Lux: 70794.57843841374
2025-01-16 23:01:04.863 [main] INFO  org.mykhailomi.simulators.simulator.LightControlScheduleSimulatorImpl - Time: 00 11:00:00
2025-01-16 23:01:04.863 [main] DEBUG org.mykhailomi.simulators.generator.illuminance.SimpleIlluminanceGeneratorImpl - hour=11
2025-01-16 23:01:04.863 [main] DEBUG org.mykhailomi.simulators.generator.illuminance.SimpleIlluminanceGeneratorImpl - index=4
2025-01-16 23:01:04.863 [main] DEBUG org.mykhailomi.simulators.generator.illuminance.SimpleIlluminanceGeneratorImpl - hours[index]=8
2025-01-16 23:01:04.863 [main] DEBUG org.mykhailomi.simulators.generator.illuminance.SimpleIlluminanceGeneratorImpl - luxLog=5.025
2025-01-16 23:01:04.863 [main] INFO  org.mykhailomi.simulators.simulator.LightControlScheduleSimulatorImpl - Lux: 105925.37251772897
2025-01-16 23:01:04.863 [main] INFO  org.mykhailomi.simulators.simulator.LightControlScheduleSimulatorImpl - Time: 00 11:30:00
2025-01-16 23:01:04.863 [main] DEBUG org.mykhailomi.simulators.generator.illuminance.SimpleIlluminanceGeneratorImpl - hour=11
2025-01-16 23:01:04.863 [main] DEBUG org.mykhailomi.simulators.generator.illuminance.SimpleIlluminanceGeneratorImpl - index=4
2025-01-16 23:01:04.863 [main] DEBUG org.mykhailomi.simulators.generator.illuminance.SimpleIlluminanceGeneratorImpl - hours[index]=8
2025-01-16 23:01:04.863 [main] DEBUG org.mykhailomi.simulators.generator.illuminance.SimpleIlluminanceGeneratorImpl - luxLog=5.025
2025-01-16 23:01:04.863 [main] INFO  org.mykhailomi.simulators.simulator.LightControlScheduleSimulatorImpl - Lux: 105925.37251772897
2025-01-16 23:01:04.864 [main] INFO  org.mykhailomi.simulators.simulator.LightControlScheduleSimulatorImpl - Time: 00 12:00:00
2025-01-16 23:01:04.864 [main] DEBUG org.mykhailomi.simulators.generator.illuminance.SimpleIlluminanceGeneratorImpl - hour=12
2025-01-16 23:01:04.864 [main] DEBUG org.mykhailomi.simulators.generator.illuminance.SimpleIlluminanceGeneratorImpl - index=5
2025-01-16 23:01:04.864 [main] DEBUG org.mykhailomi.simulators.generator.illuminance.SimpleIlluminanceGeneratorImpl - hours[index]=12
2025-01-16 23:01:04.864 [main] DEBUG org.mykhailomi.simulators.generator.illuminance.SimpleIlluminanceGeneratorImpl - luxLog=5.2
2025-01-16 23:01:04.864 [main] INFO  org.mykhailomi.simulators.simulator.LightControlScheduleSimulatorImpl - Lux: 158489.3192461114
2025-01-16 23:01:04.864 [main] INFO  org.mykhailomi.simulators.simulator.LightControlScheduleSimulatorImpl - Time: 00 12:30:00
2025-01-16 23:01:04.864 [main] DEBUG org.mykhailomi.simulators.generator.illuminance.SimpleIlluminanceGeneratorImpl - hour=12
2025-01-16 23:01:04.864 [main] DEBUG org.mykhailomi.simulators.generator.illuminance.SimpleIlluminanceGeneratorImpl - index=5
2025-01-16 23:01:04.864 [main] DEBUG org.mykhailomi.simulators.generator.illuminance.SimpleIlluminanceGeneratorImpl - hours[index]=12
2025-01-16 23:01:04.864 [main] DEBUG org.mykhailomi.simulators.generator.illuminance.SimpleIlluminanceGeneratorImpl - luxLog=5.2
2025-01-16 23:01:04.864 [main] INFO  org.mykhailomi.simulators.simulator.LightControlScheduleSimulatorImpl - Lux: 158489.3192461114
2025-01-16 23:01:04.864 [main] INFO  org.mykhailomi.simulators.simulator.LightControlScheduleSimulatorImpl - Time: 00 13:00:00
2025-01-16 23:01:04.865 [main] DEBUG org.mykhailomi.simulators.generator.illuminance.SimpleIlluminanceGeneratorImpl - hour=13
2025-01-16 23:01:04.865 [main] DEBUG org.mykhailomi.simulators.generator.illuminance.SimpleIlluminanceGeneratorImpl - index=5
2025-01-16 23:01:04.865 [main] DEBUG org.mykhailomi.simulators.generator.illuminance.SimpleIlluminanceGeneratorImpl - hours[index]=12
2025-01-16 23:01:04.865 [main] DEBUG org.mykhailomi.simulators.generator.illuminance.SimpleIlluminanceGeneratorImpl - luxLog=5.025
2025-01-16 23:01:04.865 [main] INFO  org.mykhailomi.simulators.simulator.LightControlScheduleSimulatorImpl - Lux: 105925.37251772897
2025-01-16 23:01:04.865 [main] INFO  org.mykhailomi.simulators.simulator.LightControlScheduleSimulatorImpl - Time: 00 13:30:00
2025-01-16 23:01:04.865 [main] DEBUG org.mykhailomi.simulators.generator.illuminance.SimpleIlluminanceGeneratorImpl - hour=13
2025-01-16 23:01:04.866 [main] DEBUG org.mykhailomi.simulators.generator.illuminance.SimpleIlluminanceGeneratorImpl - index=5
2025-01-16 23:01:04.866 [main] DEBUG org.mykhailomi.simulators.generator.illuminance.SimpleIlluminanceGeneratorImpl - hours[index]=12
2025-01-16 23:01:04.866 [main] DEBUG org.mykhailomi.simulators.generator.illuminance.SimpleIlluminanceGeneratorImpl - luxLog=5.025
2025-01-16 23:01:04.866 [main] INFO  org.mykhailomi.simulators.simulator.LightControlScheduleSimulatorImpl - Lux: 105925.37251772897
2025-01-16 23:01:04.866 [main] INFO  org.mykhailomi.simulators.simulator.LightControlScheduleSimulatorImpl - Time: 00 14:00:00
2025-01-16 23:01:04.866 [main] DEBUG org.mykhailomi.simulators.generator.illuminance.SimpleIlluminanceGeneratorImpl - hour=14
2025-01-16 23:01:04.866 [main] DEBUG org.mykhailomi.simulators.generator.illuminance.SimpleIlluminanceGeneratorImpl - index=5
2025-01-16 23:01:04.866 [main] DEBUG org.mykhailomi.simulators.generator.illuminance.SimpleIlluminanceGeneratorImpl - hours[index]=12
2025-01-16 23:01:04.866 [main] DEBUG org.mykhailomi.simulators.generator.illuminance.SimpleIlluminanceGeneratorImpl - luxLog=4.85
2025-01-16 23:01:04.866 [main] INFO  org.mykhailomi.simulators.simulator.LightControlScheduleSimulatorImpl - Lux: 70794.57843841374
2025-01-16 23:01:04.867 [main] INFO  org.mykhailomi.simulators.simulator.LightControlScheduleSimulatorImpl - Time: 00 14:30:00
2025-01-16 23:01:04.867 [main] DEBUG org.mykhailomi.simulators.generator.illuminance.SimpleIlluminanceGeneratorImpl - hour=14
2025-01-16 23:01:04.867 [main] DEBUG org.mykhailomi.simulators.generator.illuminance.SimpleIlluminanceGeneratorImpl - index=5
2025-01-16 23:01:04.867 [main] DEBUG org.mykhailomi.simulators.generator.illuminance.SimpleIlluminanceGeneratorImpl - hours[index]=12
2025-01-16 23:01:04.867 [main] DEBUG org.mykhailomi.simulators.generator.illuminance.SimpleIlluminanceGeneratorImpl - luxLog=4.85
2025-01-16 23:01:04.867 [main] INFO  org.mykhailomi.simulators.simulator.LightControlScheduleSimulatorImpl - Lux: 70794.57843841374
2025-01-16 23:01:04.867 [main] INFO  org.mykhailomi.simulators.simulator.LightControlScheduleSimulatorImpl - Time: 00 15:00:00
2025-01-16 23:01:04.867 [main] DEBUG org.mykhailomi.simulators.generator.illuminance.SimpleIlluminanceGeneratorImpl - hour=15
2025-01-16 23:01:04.867 [main] DEBUG org.mykhailomi.simulators.generator.illuminance.SimpleIlluminanceGeneratorImpl - index=5
2025-01-16 23:01:04.867 [main] DEBUG org.mykhailomi.simulators.generator.illuminance.SimpleIlluminanceGeneratorImpl - hours[index]=12
2025-01-16 23:01:04.868 [main] DEBUG org.mykhailomi.simulators.generator.illuminance.SimpleIlluminanceGeneratorImpl - luxLog=4.675
2025-01-16 23:01:04.868 [main] INFO  org.mykhailomi.simulators.simulator.LightControlScheduleSimulatorImpl - Lux: 47315.12589614803
2025-01-16 23:01:04.868 [main] INFO  org.mykhailomi.simulators.simulator.LightControlScheduleSimulatorImpl - Time: 00 15:30:00
2025-01-16 23:01:04.868 [main] DEBUG org.mykhailomi.simulators.generator.illuminance.SimpleIlluminanceGeneratorImpl - hour=15
2025-01-16 23:01:04.868 [main] DEBUG org.mykhailomi.simulators.generator.illuminance.SimpleIlluminanceGeneratorImpl - index=5
2025-01-16 23:01:04.868 [main] DEBUG org.mykhailomi.simulators.generator.illuminance.SimpleIlluminanceGeneratorImpl - hours[index]=12
2025-01-16 23:01:04.868 [main] DEBUG org.mykhailomi.simulators.generator.illuminance.SimpleIlluminanceGeneratorImpl - luxLog=4.675
2025-01-16 23:01:04.868 [main] INFO  org.mykhailomi.simulators.simulator.LightControlScheduleSimulatorImpl - Lux: 47315.12589614803
2025-01-16 23:01:04.868 [main] INFO  org.mykhailomi.simulators.simulator.LightControlScheduleSimulatorImpl - Time: 00 16:00:00
2025-01-16 23:01:04.868 [main] DEBUG org.mykhailomi.simulators.generator.illuminance.SimpleIlluminanceGeneratorImpl - hour=16
2025-01-16 23:01:04.870 [main] DEBUG org.mykhailomi.simulators.generator.illuminance.SimpleIlluminanceGeneratorImpl - index=6
2025-01-16 23:01:04.870 [main] DEBUG org.mykhailomi.simulators.generator.illuminance.SimpleIlluminanceGeneratorImpl - hours[index]=16
2025-01-16 23:01:04.870 [main] DEBUG org.mykhailomi.simulators.generator.illuminance.SimpleIlluminanceGeneratorImpl - luxLog=4.5
2025-01-16 23:01:04.870 [main] INFO  org.mykhailomi.simulators.simulator.LightControlScheduleSimulatorImpl - Lux: 31622.776601683792
2025-01-16 23:01:04.870 [main] INFO  org.mykhailomi.simulators.simulator.LightControlScheduleSimulatorImpl - Time: 00 16:30:00
2025-01-16 23:01:04.870 [main] DEBUG org.mykhailomi.simulators.generator.illuminance.SimpleIlluminanceGeneratorImpl - hour=16
2025-01-16 23:01:04.870 [main] DEBUG org.mykhailomi.simulators.generator.illuminance.SimpleIlluminanceGeneratorImpl - index=6
2025-01-16 23:01:04.870 [main] DEBUG org.mykhailomi.simulators.generator.illuminance.SimpleIlluminanceGeneratorImpl - hours[index]=16
2025-01-16 23:01:04.870 [main] DEBUG org.mykhailomi.simulators.generator.illuminance.SimpleIlluminanceGeneratorImpl - luxLog=4.5
2025-01-16 23:01:04.870 [main] INFO  org.mykhailomi.simulators.simulator.LightControlScheduleSimulatorImpl - Lux: 31622.776601683792
2025-01-16 23:01:04.870 [main] INFO  org.mykhailomi.simulators.simulator.LightControlScheduleSimulatorImpl - Time: 00 17:00:00
2025-01-16 23:01:04.870 [main] DEBUG org.mykhailomi.simulators.generator.illuminance.SimpleIlluminanceGeneratorImpl - hour=17
2025-01-16 23:01:04.870 [main] DEBUG org.mykhailomi.simulators.generator.illuminance.SimpleIlluminanceGeneratorImpl - index=6
2025-01-16 23:01:04.870 [main] DEBUG org.mykhailomi.simulators.generator.illuminance.SimpleIlluminanceGeneratorImpl - hours[index]=16
2025-01-16 23:01:04.870 [main] DEBUG org.mykhailomi.simulators.generator.illuminance.SimpleIlluminanceGeneratorImpl - luxLog=4.0
2025-01-16 23:01:04.870 [main] INFO  org.mykhailomi.simulators.simulator.LightControlScheduleSimulatorImpl - Lux: 10000.0
2025-01-16 23:01:04.870 [main] INFO  org.mykhailomi.simulators.simulator.LightControlScheduleSimulatorImpl - Time: 00 17:30:00
2025-01-16 23:01:04.871 [main] DEBUG org.mykhailomi.simulators.generator.illuminance.SimpleIlluminanceGeneratorImpl - hour=17
2025-01-16 23:01:04.871 [main] DEBUG org.mykhailomi.simulators.generator.illuminance.SimpleIlluminanceGeneratorImpl - index=6
2025-01-16 23:01:04.871 [main] DEBUG org.mykhailomi.simulators.generator.illuminance.SimpleIlluminanceGeneratorImpl - hours[index]=16
2025-01-16 23:01:04.871 [main] DEBUG org.mykhailomi.simulators.generator.illuminance.SimpleIlluminanceGeneratorImpl - luxLog=4.0
2025-01-16 23:01:04.871 [main] INFO  org.mykhailomi.simulators.simulator.LightControlScheduleSimulatorImpl - Lux: 10000.0
2025-01-16 23:01:04.871 [main] INFO  org.mykhailomi.simulators.simulator.LightControlScheduleSimulatorImpl - Time: 00 18:00:00
2025-01-16 23:01:04.871 [main] DEBUG org.mykhailomi.simulators.generator.illuminance.SimpleIlluminanceGeneratorImpl - hour=18
2025-01-16 23:01:04.871 [main] DEBUG org.mykhailomi.simulators.generator.illuminance.SimpleIlluminanceGeneratorImpl - index=7
2025-01-16 23:01:04.871 [main] DEBUG org.mykhailomi.simulators.generator.illuminance.SimpleIlluminanceGeneratorImpl - hours[index]=18
2025-01-16 23:01:04.871 [main] DEBUG org.mykhailomi.simulators.generator.illuminance.SimpleIlluminanceGeneratorImpl - luxLog=3.5
2025-01-16 23:01:04.871 [main] INFO  org.mykhailomi.simulators.simulator.LightControlScheduleSimulatorImpl - Lux: 3162.2776601683795
2025-01-16 23:01:04.871 [main] INFO  org.mykhailomi.simulators.simulator.LightControlScheduleSimulatorImpl - Time: 00 18:30:00
2025-01-16 23:01:04.871 [main] DEBUG org.mykhailomi.simulators.generator.illuminance.SimpleIlluminanceGeneratorImpl - hour=18
2025-01-16 23:01:04.871 [main] DEBUG org.mykhailomi.simulators.generator.illuminance.SimpleIlluminanceGeneratorImpl - index=7
2025-01-16 23:01:04.871 [main] DEBUG org.mykhailomi.simulators.generator.illuminance.SimpleIlluminanceGeneratorImpl - hours[index]=18
2025-01-16 23:01:04.871 [main] DEBUG org.mykhailomi.simulators.generator.illuminance.SimpleIlluminanceGeneratorImpl - luxLog=3.5
2025-01-16 23:01:04.871 [main] INFO  org.mykhailomi.simulators.simulator.LightControlScheduleSimulatorImpl - Lux: 3162.2776601683795
2025-01-16 23:01:04.871 [main] INFO  org.mykhailomi.simulators.simulator.LightControlScheduleSimulatorImpl - Time: 00 19:00:00
2025-01-16 23:01:04.871 [main] DEBUG org.mykhailomi.simulators.generator.illuminance.SimpleIlluminanceGeneratorImpl - hour=19
2025-01-16 23:01:04.873 [main] DEBUG org.mykhailomi.simulators.generator.illuminance.SimpleIlluminanceGeneratorImpl - index=7
2025-01-16 23:01:04.873 [main] DEBUG org.mykhailomi.simulators.generator.illuminance.SimpleIlluminanceGeneratorImpl - hours[index]=18
2025-01-16 23:01:04.873 [main] DEBUG org.mykhailomi.simulators.generator.illuminance.SimpleIlluminanceGeneratorImpl - luxLog=0.20000000000000018
2025-01-16 23:01:04.873 [main] INFO  org.mykhailomi.simulators.simulator.LightControlScheduleSimulatorImpl - Lux: 1.584893192461114
2025-01-16 23:01:04.873 [main] INFO  org.mykhailomi.simulators.lamps.LedLamp220VWhite - org.mykhailomi.simulators.lamps.LedLamp220VWhite has been on.
2025-01-16 23:01:04.873 [main] INFO  org.mykhailomi.simulators.simulator.LightControlScheduleSimulatorImpl - Time: 00 19:30:00
2025-01-16 23:01:04.873 [main] DEBUG org.mykhailomi.simulators.generator.illuminance.SimpleIlluminanceGeneratorImpl - hour=19
2025-01-16 23:01:04.873 [main] DEBUG org.mykhailomi.simulators.generator.illuminance.SimpleIlluminanceGeneratorImpl - index=7
2025-01-16 23:01:04.873 [main] DEBUG org.mykhailomi.simulators.generator.illuminance.SimpleIlluminanceGeneratorImpl - hours[index]=18
2025-01-16 23:01:04.873 [main] DEBUG org.mykhailomi.simulators.generator.illuminance.SimpleIlluminanceGeneratorImpl - luxLog=0.20000000000000018
2025-01-16 23:01:04.873 [main] INFO  org.mykhailomi.simulators.simulator.LightControlScheduleSimulatorImpl - Lux: 1.584893192461114
2025-01-16 23:01:04.873 [main] INFO  org.mykhailomi.simulators.simulator.LightControlScheduleSimulatorImpl - Time: 00 20:00:00
2025-01-16 23:01:04.873 [main] DEBUG org.mykhailomi.simulators.generator.illuminance.SimpleIlluminanceGeneratorImpl - hour=20
2025-01-16 23:01:04.873 [main] DEBUG org.mykhailomi.simulators.generator.illuminance.SimpleIlluminanceGeneratorImpl - index=8
2025-01-16 23:01:04.874 [main] DEBUG org.mykhailomi.simulators.generator.illuminance.SimpleIlluminanceGeneratorImpl - hours[index]=20
2025-01-16 23:01:04.874 [main] DEBUG org.mykhailomi.simulators.generator.illuminance.SimpleIlluminanceGeneratorImpl - luxLog=-3.1
2025-01-16 23:01:04.874 [main] INFO  org.mykhailomi.simulators.simulator.LightControlScheduleSimulatorImpl - Lux: 7.943282347242813E-4
2025-01-16 23:01:04.874 [main] INFO  org.mykhailomi.simulators.simulator.LightControlScheduleSimulatorImpl - Time: 00 20:30:00
2025-01-16 23:01:04.874 [main] DEBUG org.mykhailomi.simulators.generator.illuminance.SimpleIlluminanceGeneratorImpl - hour=20
2025-01-16 23:01:04.874 [main] DEBUG org.mykhailomi.simulators.generator.illuminance.SimpleIlluminanceGeneratorImpl - index=8
2025-01-16 23:01:04.874 [main] DEBUG org.mykhailomi.simulators.generator.illuminance.SimpleIlluminanceGeneratorImpl - hours[index]=20
2025-01-16 23:01:04.874 [main] DEBUG org.mykhailomi.simulators.generator.illuminance.SimpleIlluminanceGeneratorImpl - luxLog=-3.1
2025-01-16 23:01:04.874 [main] INFO  org.mykhailomi.simulators.simulator.LightControlScheduleSimulatorImpl - Lux: 7.943282347242813E-4
2025-01-16 23:01:04.875 [main] INFO  org.mykhailomi.simulators.simulator.LightControlScheduleSimulatorImpl - Time: 00 21:00:00
2025-01-16 23:01:04.875 [main] DEBUG org.mykhailomi.simulators.generator.illuminance.SimpleIlluminanceGeneratorImpl - hour=21
2025-01-16 23:01:04.875 [main] DEBUG org.mykhailomi.simulators.generator.illuminance.SimpleIlluminanceGeneratorImpl - index=8
2025-01-16 23:01:04.875 [main] DEBUG org.mykhailomi.simulators.generator.illuminance.SimpleIlluminanceGeneratorImpl - hours[index]=20
2025-01-16 23:01:04.875 [main] DEBUG org.mykhailomi.simulators.generator.illuminance.SimpleIlluminanceGeneratorImpl - luxLog=-3.125
2025-01-16 23:01:04.875 [main] INFO  org.mykhailomi.simulators.simulator.LightControlScheduleSimulatorImpl - Lux: 7.498942093324559E-4
2025-01-16 23:01:04.875 [main] INFO  org.mykhailomi.simulators.lamps.LedLamp220VRed - org.mykhailomi.simulators.lamps.LedLamp220VRed has been on.
2025-01-16 23:01:04.875 [main] INFO  org.mykhailomi.simulators.lamps.LedLamp220VWhite - org.mykhailomi.simulators.lamps.LedLamp220VWhite has been on.
2025-01-16 23:01:04.876 [main] INFO  org.mykhailomi.simulators.simulator.LightControlScheduleSimulatorImpl - Time: 00 21:30:00
2025-01-16 23:01:04.876 [main] DEBUG org.mykhailomi.simulators.generator.illuminance.SimpleIlluminanceGeneratorImpl - hour=21
2025-01-16 23:01:04.876 [main] DEBUG org.mykhailomi.simulators.generator.illuminance.SimpleIlluminanceGeneratorImpl - index=8
2025-01-16 23:01:04.876 [main] DEBUG org.mykhailomi.simulators.generator.illuminance.SimpleIlluminanceGeneratorImpl - hours[index]=20
2025-01-16 23:01:04.876 [main] DEBUG org.mykhailomi.simulators.generator.illuminance.SimpleIlluminanceGeneratorImpl - luxLog=-3.125
2025-01-16 23:01:04.876 [main] INFO  org.mykhailomi.simulators.simulator.LightControlScheduleSimulatorImpl - Lux: 7.498942093324559E-4
2025-01-16 23:01:04.876 [main] INFO  org.mykhailomi.simulators.lamps.LedLamp220VRed - org.mykhailomi.simulators.lamps.LedLamp220VRed has been on.
2025-01-16 23:01:04.876 [main] INFO  org.mykhailomi.simulators.simulator.LightControlScheduleSimulatorImpl - Time: 00 22:00:00
2025-01-16 23:01:04.876 [main] DEBUG org.mykhailomi.simulators.generator.illuminance.SimpleIlluminanceGeneratorImpl - hour=22
2025-01-16 23:01:04.877 [main] DEBUG org.mykhailomi.simulators.generator.illuminance.SimpleIlluminanceGeneratorImpl - index=8
2025-01-16 23:01:04.877 [main] DEBUG org.mykhailomi.simulators.generator.illuminance.SimpleIlluminanceGeneratorImpl - hours[index]=20
2025-01-16 23:01:04.877 [main] DEBUG org.mykhailomi.simulators.generator.illuminance.SimpleIlluminanceGeneratorImpl - luxLog=-3.1500000000000004
2025-01-16 23:01:04.877 [main] INFO  org.mykhailomi.simulators.simulator.LightControlScheduleSimulatorImpl - Lux: 7.079457843841374E-4
2025-01-16 23:01:04.877 [main] INFO  org.mykhailomi.simulators.simulator.LightControlScheduleSimulatorImpl - Time: 00 22:30:00
2025-01-16 23:01:04.877 [main] DEBUG org.mykhailomi.simulators.generator.illuminance.SimpleIlluminanceGeneratorImpl - hour=22
2025-01-16 23:01:04.877 [main] DEBUG org.mykhailomi.simulators.generator.illuminance.SimpleIlluminanceGeneratorImpl - index=8
2025-01-16 23:01:04.877 [main] DEBUG org.mykhailomi.simulators.generator.illuminance.SimpleIlluminanceGeneratorImpl - hours[index]=20
2025-01-16 23:01:04.877 [main] DEBUG org.mykhailomi.simulators.generator.illuminance.SimpleIlluminanceGeneratorImpl - luxLog=-3.1500000000000004
2025-01-16 23:01:04.877 [main] INFO  org.mykhailomi.simulators.simulator.LightControlScheduleSimulatorImpl - Lux: 7.079457843841374E-4
2025-01-16 23:01:04.877 [main] INFO  org.mykhailomi.simulators.simulator.LightControlScheduleSimulatorImpl - Time: 00 23:00:00
2025-01-16 23:01:04.877 [main] DEBUG org.mykhailomi.simulators.generator.illuminance.SimpleIlluminanceGeneratorImpl - hour=23
2025-01-16 23:01:04.878 [main] DEBUG org.mykhailomi.simulators.generator.illuminance.SimpleIlluminanceGeneratorImpl - index=8
2025-01-16 23:01:04.878 [main] DEBUG org.mykhailomi.simulators.generator.illuminance.SimpleIlluminanceGeneratorImpl - hours[index]=20
2025-01-16 23:01:04.878 [main] DEBUG org.mykhailomi.simulators.generator.illuminance.SimpleIlluminanceGeneratorImpl - luxLog=-3.1750000000000003
2025-01-16 23:01:04.878 [main] INFO  org.mykhailomi.simulators.simulator.LightControlScheduleSimulatorImpl - Lux: 6.683439175686143E-4
2025-01-16 23:01:04.878 [main] INFO  org.mykhailomi.simulators.simulator.LightControlScheduleSimulatorImpl - Time: 00 23:30:00
2025-01-16 23:01:04.878 [main] DEBUG org.mykhailomi.simulators.generator.illuminance.SimpleIlluminanceGeneratorImpl - hour=23
2025-01-16 23:01:04.878 [main] DEBUG org.mykhailomi.simulators.generator.illuminance.SimpleIlluminanceGeneratorImpl - index=8
2025-01-16 23:01:04.878 [main] DEBUG org.mykhailomi.simulators.generator.illuminance.SimpleIlluminanceGeneratorImpl - hours[index]=20
2025-01-16 23:01:04.878 [main] DEBUG org.mykhailomi.simulators.generator.illuminance.SimpleIlluminanceGeneratorImpl - luxLog=-3.1750000000000003
2025-01-16 23:01:04.878 [main] INFO  org.mykhailomi.simulators.simulator.LightControlScheduleSimulatorImpl - Lux: 6.683439175686143E-4
2025-01-16 23:06:47.337 [main] INFO  org.mykhailomi.simulators.simulator.LightControlScheduleSimulatorImpl - Time: 00 00:00:00
2025-01-16 23:06:47.341 [main] INFO  org.mykhailomi.simulators.simulator.LightControlScheduleSimulatorImpl - Lux: 7.943282347242813E-4
2025-01-16 23:06:47.342 [main] INFO  org.mykhailomi.simulators.simulator.LightControlScheduleSimulatorImpl - Time: 00 00:30:00
2025-01-16 23:06:47.342 [main] INFO  org.mykhailomi.simulators.simulator.LightControlScheduleSimulatorImpl - Lux: 7.943282347242813E-4
2025-01-16 23:06:47.342 [main] INFO  org.mykhailomi.simulators.simulator.LightControlScheduleSimulatorImpl - Time: 00 01:00:00
2025-01-16 23:06:47.342 [main] INFO  org.mykhailomi.simulators.simulator.LightControlScheduleSimulatorImpl - Lux: 7.943282347242813E-4
2025-01-16 23:06:47.342 [main] INFO  org.mykhailomi.simulators.simulator.LightControlScheduleSimulatorImpl - Time: 00 01:30:00
2025-01-16 23:06:47.342 [main] INFO  org.mykhailomi.simulators.simulator.LightControlScheduleSimulatorImpl - Lux: 7.943282347242813E-4
2025-01-16 23:06:47.342 [main] INFO  org.mykhailomi.simulators.simulator.LightControlScheduleSimulatorImpl - Time: 00 02:00:00
2025-01-16 23:06:47.343 [main] INFO  org.mykhailomi.simulators.simulator.LightControlScheduleSimulatorImpl - Lux: 7.943282347242813E-4
2025-01-16 23:06:47.343 [main] INFO  org.mykhailomi.simulators.simulator.LightControlScheduleSimulatorImpl - Time: 00 02:30:00
2025-01-16 23:06:47.343 [main] INFO  org.mykhailomi.simulators.simulator.LightControlScheduleSimulatorImpl - Lux: 7.943282347242813E-4
2025-01-16 23:06:47.343 [main] INFO  org.mykhailomi.simulators.simulator.LightControlScheduleSimulatorImpl - Time: 00 03:00:00
2025-01-16 23:06:47.343 [main] INFO  org.mykhailomi.simulators.simulator.LightControlScheduleSimulatorImpl - Lux: 7.943282347242813E-4
2025-01-16 23:06:47.343 [main] INFO  org.mykhailomi.simulators.simulator.LightControlScheduleSimulatorImpl - Time: 00 03:30:00
2025-01-16 23:06:47.343 [main] INFO  org.mykhailomi.simulators.simulator.LightControlScheduleSimulatorImpl - Lux: 7.943282347242813E-4
2025-01-16 23:06:47.343 [main] INFO  org.mykhailomi.simulators.simulator.LightControlScheduleSimulatorImpl - Time: 00 04:00:00
2025-01-16 23:06:47.344 [main] INFO  org.mykhailomi.simulators.simulator.LightControlScheduleSimulatorImpl - Lux: 5.011872336272725E-4
2025-01-16 23:06:47.344 [main] INFO  org.mykhailomi.simulators.simulator.LightControlScheduleSimulatorImpl - Time: 00 04:30:00
2025-01-16 23:06:47.344 [main] INFO  org.mykhailomi.simulators.simulator.LightControlScheduleSimulatorImpl - Lux: 5.011872336272725E-4
2025-01-16 23:06:47.344 [main] INFO  org.mykhailomi.simulators.simulator.LightControlScheduleSimulatorImpl - Time: 00 05:00:00
2025-01-16 23:06:47.344 [main] INFO  org.mykhailomi.simulators.simulator.LightControlScheduleSimulatorImpl - Lux: 0.707945784384138
2025-01-16 23:06:47.344 [main] INFO  org.mykhailomi.simulators.simulator.LightControlScheduleSimulatorImpl - Time: 00 05:30:00
2025-01-16 23:06:47.344 [main] INFO  org.mykhailomi.simulators.simulator.LightControlScheduleSimulatorImpl - Lux: 0.707945784384138
2025-01-16 23:06:47.345 [main] INFO  org.mykhailomi.simulators.simulator.LightControlScheduleSimulatorImpl - Time: 00 06:00:00
2025-01-16 23:06:47.345 [main] INFO  org.mykhailomi.simulators.simulator.LightControlScheduleSimulatorImpl - Lux: 1000.0
2025-01-16 23:06:47.345 [main] INFO  org.mykhailomi.simulators.simulator.LightControlScheduleSimulatorImpl - Time: 00 06:30:00
2025-01-16 23:06:47.345 [main] INFO  org.mykhailomi.simulators.simulator.LightControlScheduleSimulatorImpl - Lux: 1000.0
2025-01-16 23:06:47.345 [main] INFO  org.mykhailomi.simulators.simulator.LightControlScheduleSimulatorImpl - Time: 00 07:00:00
2025-01-16 23:06:47.345 [main] INFO  org.mykhailomi.simulators.simulator.LightControlScheduleSimulatorImpl - Lux: 5623.413251903491
2025-01-16 23:06:47.345 [main] INFO  org.mykhailomi.simulators.simulator.LightControlScheduleSimulatorImpl - Time: 00 07:30:00
2025-01-16 23:06:47.345 [main] INFO  org.mykhailomi.simulators.simulator.LightControlScheduleSimulatorImpl - Lux: 5623.413251903491
2025-01-16 23:06:47.346 [main] INFO  org.mykhailomi.simulators.simulator.LightControlScheduleSimulatorImpl - Time: 00 08:00:00
2025-01-16 23:06:47.346 [main] INFO  org.mykhailomi.simulators.simulator.LightControlScheduleSimulatorImpl - Lux: 31622.776601683792
2025-01-16 23:06:47.346 [main] INFO  org.mykhailomi.simulators.simulator.LightControlScheduleSimulatorImpl - Time: 00 08:30:00
2025-01-16 23:06:47.346 [main] INFO  org.mykhailomi.simulators.simulator.LightControlScheduleSimulatorImpl - Lux: 31622.776601683792
2025-01-16 23:06:47.346 [main] INFO  org.mykhailomi.simulators.simulator.LightControlScheduleSimulatorImpl - Time: 00 09:00:00
2025-01-16 23:06:47.347 [main] INFO  org.mykhailomi.simulators.simulator.LightControlScheduleSimulatorImpl - Lux: 47315.12589614803
2025-01-16 23:06:47.347 [main] INFO  org.mykhailomi.simulators.simulator.LightControlScheduleSimulatorImpl - Time: 00 09:30:00
2025-01-16 23:06:47.347 [main] INFO  org.mykhailomi.simulators.simulator.LightControlScheduleSimulatorImpl - Lux: 47315.12589614803
2025-01-16 23:06:47.347 [main] INFO  org.mykhailomi.simulators.simulator.LightControlScheduleSimulatorImpl - Time: 00 10:00:00
2025-01-16 23:06:47.347 [main] INFO  org.mykhailomi.simulators.simulator.LightControlScheduleSimulatorImpl - Lux: 70794.57843841374
2025-01-16 23:06:47.347 [main] INFO  org.mykhailomi.simulators.simulator.LightControlScheduleSimulatorImpl - Time: 00 10:30:00
2025-01-16 23:06:47.347 [main] INFO  org.mykhailomi.simulators.simulator.LightControlScheduleSimulatorImpl - Lux: 70794.57843841374
2025-01-16 23:06:47.348 [main] INFO  org.mykhailomi.simulators.simulator.LightControlScheduleSimulatorImpl - Time: 00 11:00:00
2025-01-16 23:06:47.348 [main] INFO  org.mykhailomi.simulators.simulator.LightControlScheduleSimulatorImpl - Lux: 105925.37251772897
2025-01-16 23:06:47.348 [main] INFO  org.mykhailomi.simulators.simulator.LightControlScheduleSimulatorImpl - Time: 00 11:30:00
2025-01-16 23:06:47.348 [main] INFO  org.mykhailomi.simulators.simulator.LightControlScheduleSimulatorImpl - Lux: 105925.37251772897
2025-01-16 23:06:47.348 [main] INFO  org.mykhailomi.simulators.simulator.LightControlScheduleSimulatorImpl - Time: 00 12:00:00
2025-01-16 23:06:47.348 [main] INFO  org.mykhailomi.simulators.simulator.LightControlScheduleSimulatorImpl - Lux: 158489.3192461114
2025-01-16 23:06:47.349 [main] INFO  org.mykhailomi.simulators.simulator.LightControlScheduleSimulatorImpl - Time: 00 12:30:00
2025-01-16 23:06:47.349 [main] INFO  org.mykhailomi.simulators.simulator.LightControlScheduleSimulatorImpl - Lux: 158489.3192461114
2025-01-16 23:06:47.349 [main] INFO  org.mykhailomi.simulators.simulator.LightControlScheduleSimulatorImpl - Time: 00 13:00:00
2025-01-16 23:06:47.349 [main] INFO  org.mykhailomi.simulators.simulator.LightControlScheduleSimulatorImpl - Lux: 105925.37251772897
2025-01-16 23:06:47.349 [main] INFO  org.mykhailomi.simulators.simulator.LightControlScheduleSimulatorImpl - Time: 00 13:30:00
2025-01-16 23:06:47.349 [main] INFO  org.mykhailomi.simulators.simulator.LightControlScheduleSimulatorImpl - Lux: 105925.37251772897
2025-01-16 23:06:47.350 [main] INFO  org.mykhailomi.simulators.simulator.LightControlScheduleSimulatorImpl - Time: 00 14:00:00
2025-01-16 23:06:47.350 [main] INFO  org.mykhailomi.simulators.simulator.LightControlScheduleSimulatorImpl - Lux: 70794.57843841374
2025-01-16 23:06:47.350 [main] INFO  org.mykhailomi.simulators.simulator.LightControlScheduleSimulatorImpl - Time: 00 14:30:00
2025-01-16 23:06:47.350 [main] INFO  org.mykhailomi.simulators.simulator.LightControlScheduleSimulatorImpl - Lux: 70794.57843841374
2025-01-16 23:06:47.350 [main] INFO  org.mykhailomi.simulators.simulator.LightControlScheduleSimulatorImpl - Time: 00 15:00:00
2025-01-16 23:06:47.350 [main] INFO  org.mykhailomi.simulators.simulator.LightControlScheduleSimulatorImpl - Lux: 47315.12589614803
2025-01-16 23:06:47.350 [main] INFO  org.mykhailomi.simulators.simulator.LightControlScheduleSimulatorImpl - Time: 00 15:30:00
2025-01-16 23:06:47.352 [main] INFO  org.mykhailomi.simulators.simulator.LightControlScheduleSimulatorImpl - Lux: 47315.12589614803
2025-01-16 23:06:47.352 [main] INFO  org.mykhailomi.simulators.simulator.LightControlScheduleSimulatorImpl - Time: 00 16:00:00
2025-01-16 23:06:47.352 [main] INFO  org.mykhailomi.simulators.simulator.LightControlScheduleSimulatorImpl - Lux: 31622.776601683792
2025-01-16 23:06:47.352 [main] INFO  org.mykhailomi.simulators.simulator.LightControlScheduleSimulatorImpl - Time: 00 16:30:00
2025-01-16 23:06:47.352 [main] INFO  org.mykhailomi.simulators.simulator.LightControlScheduleSimulatorImpl - Lux: 31622.776601683792
2025-01-16 23:06:47.352 [main] INFO  org.mykhailomi.simulators.simulator.LightControlScheduleSimulatorImpl - Time: 00 17:00:00
2025-01-16 23:06:47.352 [main] INFO  org.mykhailomi.simulators.simulator.LightControlScheduleSimulatorImpl - Lux: 10000.0
2025-01-16 23:06:47.353 [main] INFO  org.mykhailomi.simulators.simulator.LightControlScheduleSimulatorImpl - Time: 00 17:30:00
2025-01-16 23:06:47.353 [main] INFO  org.mykhailomi.simulators.simulator.LightControlScheduleSimulatorImpl - Lux: 10000.0
2025-01-16 23:06:47.353 [main] INFO  org.mykhailomi.simulators.simulator.LightControlScheduleSimulatorImpl - Time: 00 18:00:00
2025-01-16 23:06:47.353 [main] INFO  org.mykhailomi.simulators.simulator.LightControlScheduleSimulatorImpl - Lux: 3162.2776601683795
2025-01-16 23:06:47.353 [main] INFO  org.mykhailomi.simulators.simulator.LightControlScheduleSimulatorImpl - Time: 00 18:30:00
2025-01-16 23:06:47.353 [main] INFO  org.mykhailomi.simulators.simulator.LightControlScheduleSimulatorImpl - Lux: 3162.2776601683795
2025-01-16 23:06:47.353 [main] INFO  org.mykhailomi.simulators.simulator.LightControlScheduleSimulatorImpl - Time: 00 19:00:00
2025-01-16 23:06:47.353 [main] INFO  org.mykhailomi.simulators.simulator.LightControlScheduleSimulatorImpl - Lux: 1.584893192461114
2025-01-16 23:06:47.353 [main] INFO  org.mykhailomi.simulators.lamps.LedLamp220VWhite - org.mykhailomi.simulators.lamps.LedLamp220VWhite has been on.
2025-01-16 23:06:47.353 [main] INFO  org.mykhailomi.simulators.simulator.LightControlScheduleSimulatorImpl - Time: 00 19:30:00
2025-01-16 23:06:47.353 [main] INFO  org.mykhailomi.simulators.simulator.LightControlScheduleSimulatorImpl - Lux: 1.584893192461114
2025-01-16 23:06:47.353 [main] INFO  org.mykhailomi.simulators.simulator.LightControlScheduleSimulatorImpl - Time: 00 20:00:00
2025-01-16 23:06:47.353 [main] INFO  org.mykhailomi.simulators.simulator.LightControlScheduleSimulatorImpl - Lux: 7.943282347242813E-4
2025-01-16 23:06:47.354 [main] INFO  org.mykhailomi.simulators.simulator.LightControlScheduleSimulatorImpl - Time: 00 20:30:00
2025-01-16 23:06:47.354 [main] INFO  org.mykhailomi.simulators.simulator.LightControlScheduleSimulatorImpl - Lux: 7.943282347242813E-4
2025-01-16 23:06:47.354 [main] INFO  org.mykhailomi.simulators.simulator.LightControlScheduleSimulatorImpl - Time: 00 21:00:00
2025-01-16 23:06:47.354 [main] INFO  org.mykhailomi.simulators.simulator.LightControlScheduleSimulatorImpl - Lux: 7.498942093324559E-4
2025-01-16 23:06:47.354 [main] INFO  org.mykhailomi.simulators.lamps.LedLamp220VRed - org.mykhailomi.simulators.lamps.LedLamp220VRed has been on.
2025-01-16 23:06:47.354 [main] INFO  org.mykhailomi.simulators.lamps.LedLamp220VWhite - org.mykhailomi.simulators.lamps.LedLamp220VWhite has been off.
2025-01-16 23:06:47.354 [main] INFO  org.mykhailomi.simulators.simulator.LightControlScheduleSimulatorImpl - Time: 00 21:30:00
2025-01-16 23:06:47.354 [main] INFO  org.mykhailomi.simulators.simulator.LightControlScheduleSimulatorImpl - Lux: 7.498942093324559E-4
2025-01-16 23:06:47.354 [main] INFO  org.mykhailomi.simulators.lamps.LedLamp220VRed - org.mykhailomi.simulators.lamps.LedLamp220VRed has been off.
2025-01-16 23:06:47.354 [main] INFO  org.mykhailomi.simulators.simulator.LightControlScheduleSimulatorImpl - Time: 00 22:00:00
2025-01-16 23:06:47.355 [main] INFO  org.mykhailomi.simulators.simulator.LightControlScheduleSimulatorImpl - Lux: 7.079457843841374E-4
2025-01-16 23:06:47.355 [main] INFO  org.mykhailomi.simulators.simulator.LightControlScheduleSimulatorImpl - Time: 00 22:30:00
2025-01-16 23:06:47.355 [main] INFO  org.mykhailomi.simulators.simulator.LightControlScheduleSimulatorImpl - Lux: 7.079457843841374E-4
2025-01-16 23:06:47.355 [main] INFO  org.mykhailomi.simulators.simulator.LightControlScheduleSimulatorImpl - Time: 00 23:00:00
2025-01-16 23:06:47.355 [main] INFO  org.mykhailomi.simulators.simulator.LightControlScheduleSimulatorImpl - Lux: 6.683439175686143E-4
2025-01-16 23:06:47.355 [main] INFO  org.mykhailomi.simulators.simulator.LightControlScheduleSimulatorImpl - Time: 00 23:30:00
2025-01-16 23:06:47.355 [main] INFO  org.mykhailomi.simulators.simulator.LightControlScheduleSimulatorImpl - Lux: 6.683439175686143E-4
2025-01-16 23:11:05.846 [main] INFO  org.mykhailomi.simulators.simulator.LightControlScheduleSimulatorImpl - Time: 00 00:00:00
2025-01-16 23:11:05.850 [main] INFO  org.mykhailomi.simulators.simulator.LightControlScheduleSimulatorImpl - Lux: 7.943282347242813E-4
2025-01-16 23:11:05.851 [main] INFO  org.mykhailomi.simulators.simulator.LightControlScheduleSimulatorImpl - Time: 00 00:30:00
2025-01-16 23:11:05.851 [main] INFO  org.mykhailomi.simulators.simulator.LightControlScheduleSimulatorImpl - Lux: 7.943282347242813E-4
2025-01-16 23:11:05.851 [main] INFO  org.mykhailomi.simulators.simulator.LightControlScheduleSimulatorImpl - Time: 00 01:00:00
2025-01-16 23:11:05.851 [main] INFO  org.mykhailomi.simulators.simulator.LightControlScheduleSimulatorImpl - Lux: 7.943282347242813E-4
2025-01-16 23:11:05.851 [main] INFO  org.mykhailomi.simulators.simulator.LightControlScheduleSimulatorImpl - Time: 00 01:30:00
2025-01-16 23:11:05.851 [main] INFO  org.mykhailomi.simulators.simulator.LightControlScheduleSimulatorImpl - Lux: 7.943282347242813E-4
2025-01-16 23:11:05.853 [main] INFO  org.mykhailomi.simulators.simulator.LightControlScheduleSimulatorImpl - Time: 00 02:00:00
2025-01-16 23:11:05.853 [main] INFO  org.mykhailomi.simulators.simulator.LightControlScheduleSimulatorImpl - Lux: 7.943282347242813E-4
2025-01-16 23:11:05.853 [main] INFO  org.mykhailomi.simulators.simulator.LightControlScheduleSimulatorImpl - Time: 00 02:30:00
2025-01-16 23:11:05.853 [main] INFO  org.mykhailomi.simulators.simulator.LightControlScheduleSimulatorImpl - Lux: 7.943282347242813E-4
2025-01-16 23:11:05.853 [main] INFO  org.mykhailomi.simulators.simulator.LightControlScheduleSimulatorImpl - Time: 00 03:00:00
2025-01-16 23:11:05.853 [main] INFO  org.mykhailomi.simulators.simulator.LightControlScheduleSimulatorImpl - Lux: 7.943282347242813E-4
2025-01-16 23:11:05.853 [main] INFO  org.mykhailomi.simulators.simulator.LightControlScheduleSimulatorImpl - Time: 00 03:30:00
2025-01-16 23:11:05.853 [main] INFO  org.mykhailomi.simulators.simulator.LightControlScheduleSimulatorImpl - Lux: 7.943282347242813E-4
2025-01-16 23:11:05.853 [main] INFO  org.mykhailomi.simulators.simulator.LightControlScheduleSimulatorImpl - Time: 00 04:00:00
2025-01-16 23:11:05.854 [main] INFO  org.mykhailomi.simulators.simulator.LightControlScheduleSimulatorImpl - Lux: 5.011872336272725E-4
2025-01-16 23:11:05.854 [main] INFO  org.mykhailomi.simulators.simulator.LightControlScheduleSimulatorImpl - Time: 00 04:30:00
2025-01-16 23:11:05.854 [main] INFO  org.mykhailomi.simulators.simulator.LightControlScheduleSimulatorImpl - Lux: 5.011872336272725E-4
2025-01-16 23:11:05.854 [main] INFO  org.mykhailomi.simulators.simulator.LightControlScheduleSimulatorImpl - Time: 00 05:00:00
2025-01-16 23:11:05.854 [main] INFO  org.mykhailomi.simulators.simulator.LightControlScheduleSimulatorImpl - Lux: 0.707945784384138
2025-01-16 23:11:05.855 [main] INFO  org.mykhailomi.simulators.simulator.LightControlScheduleSimulatorImpl - Time: 00 05:30:00
2025-01-16 23:11:05.855 [main] INFO  org.mykhailomi.simulators.simulator.LightControlScheduleSimulatorImpl - Lux: 0.707945784384138
2025-01-16 23:11:05.855 [main] INFO  org.mykhailomi.simulators.simulator.LightControlScheduleSimulatorImpl - Time: 00 06:00:00
2025-01-16 23:11:05.855 [main] INFO  org.mykhailomi.simulators.simulator.LightControlScheduleSimulatorImpl - Lux: 1000.0
2025-01-16 23:11:05.855 [main] INFO  org.mykhailomi.simulators.simulator.LightControlScheduleSimulatorImpl - Time: 00 06:30:00
2025-01-16 23:11:05.855 [main] INFO  org.mykhailomi.simulators.simulator.LightControlScheduleSimulatorImpl - Lux: 1000.0
2025-01-16 23:11:05.856 [main] INFO  org.mykhailomi.simulators.simulator.LightControlScheduleSimulatorImpl - Time: 00 07:00:00
2025-01-16 23:11:05.856 [main] INFO  org.mykhailomi.simulators.simulator.LightControlScheduleSimulatorImpl - Lux: 5623.413251903491
2025-01-16 23:11:05.856 [main] INFO  org.mykhailomi.simulators.simulator.LightControlScheduleSimulatorImpl - Time: 00 07:30:00
2025-01-16 23:11:05.856 [main] INFO  org.mykhailomi.simulators.simulator.LightControlScheduleSimulatorImpl - Lux: 5623.413251903491
2025-01-16 23:11:05.856 [main] INFO  org.mykhailomi.simulators.simulator.LightControlScheduleSimulatorImpl - Time: 00 08:00:00
2025-01-16 23:11:05.856 [main] INFO  org.mykhailomi.simulators.simulator.LightControlScheduleSimulatorImpl - Lux: 31622.776601683792
2025-01-16 23:11:05.857 [main] INFO  org.mykhailomi.simulators.simulator.LightControlScheduleSimulatorImpl - Time: 00 08:30:00
2025-01-16 23:11:05.857 [main] INFO  org.mykhailomi.simulators.simulator.LightControlScheduleSimulatorImpl - Lux: 31622.776601683792
2025-01-16 23:11:05.857 [main] INFO  org.mykhailomi.simulators.simulator.LightControlScheduleSimulatorImpl - Time: 00 09:00:00
2025-01-16 23:11:05.857 [main] INFO  org.mykhailomi.simulators.simulator.LightControlScheduleSimulatorImpl - Lux: 47315.12589614803
2025-01-16 23:11:05.857 [main] INFO  org.mykhailomi.simulators.simulator.LightControlScheduleSimulatorImpl - Time: 00 09:30:00
2025-01-16 23:11:05.857 [main] INFO  org.mykhailomi.simulators.simulator.LightControlScheduleSimulatorImpl - Lux: 47315.12589614803
2025-01-16 23:11:05.857 [main] INFO  org.mykhailomi.simulators.simulator.LightControlScheduleSimulatorImpl - Time: 00 10:00:00
2025-01-16 23:11:05.858 [main] INFO  org.mykhailomi.simulators.simulator.LightControlScheduleSimulatorImpl - Lux: 70794.57843841374
2025-01-16 23:11:05.858 [main] INFO  org.mykhailomi.simulators.simulator.LightControlScheduleSimulatorImpl - Time: 00 10:30:00
2025-01-16 23:11:05.858 [main] INFO  org.mykhailomi.simulators.simulator.LightControlScheduleSimulatorImpl - Lux: 70794.57843841374
2025-01-16 23:11:05.858 [main] INFO  org.mykhailomi.simulators.simulator.LightControlScheduleSimulatorImpl - Time: 00 11:00:00
2025-01-16 23:11:05.858 [main] INFO  org.mykhailomi.simulators.simulator.LightControlScheduleSimulatorImpl - Lux: 105925.37251772897
2025-01-16 23:11:05.859 [main] INFO  org.mykhailomi.simulators.simulator.LightControlScheduleSimulatorImpl - Time: 00 11:30:00
2025-01-16 23:11:05.859 [main] INFO  org.mykhailomi.simulators.simulator.LightControlScheduleSimulatorImpl - Lux: 105925.37251772897
2025-01-16 23:11:05.859 [main] INFO  org.mykhailomi.simulators.simulator.LightControlScheduleSimulatorImpl - Time: 00 12:00:00
2025-01-16 23:11:05.859 [main] INFO  org.mykhailomi.simulators.simulator.LightControlScheduleSimulatorImpl - Lux: 158489.3192461114
2025-01-16 23:11:05.859 [main] INFO  org.mykhailomi.simulators.simulator.LightControlScheduleSimulatorImpl - Time: 00 12:30:00
2025-01-16 23:11:05.859 [main] INFO  org.mykhailomi.simulators.simulator.LightControlScheduleSimulatorImpl - Lux: 158489.3192461114
2025-01-16 23:11:05.860 [main] INFO  org.mykhailomi.simulators.simulator.LightControlScheduleSimulatorImpl - Time: 00 13:00:00
2025-01-16 23:11:05.860 [main] INFO  org.mykhailomi.simulators.simulator.LightControlScheduleSimulatorImpl - Lux: 105925.37251772897
2025-01-16 23:11:05.860 [main] INFO  org.mykhailomi.simulators.simulator.LightControlScheduleSimulatorImpl - Time: 00 13:30:00
2025-01-16 23:11:05.860 [main] INFO  org.mykhailomi.simulators.simulator.LightControlScheduleSimulatorImpl - Lux: 105925.37251772897
2025-01-16 23:11:05.860 [main] INFO  org.mykhailomi.simulators.simulator.LightControlScheduleSimulatorImpl - Time: 00 14:00:00
2025-01-16 23:11:05.860 [main] INFO  org.mykhailomi.simulators.simulator.LightControlScheduleSimulatorImpl - Lux: 70794.57843841374
2025-01-16 23:11:05.860 [main] INFO  org.mykhailomi.simulators.simulator.LightControlScheduleSimulatorImpl - Time: 00 14:30:00
2025-01-16 23:11:05.861 [main] INFO  org.mykhailomi.simulators.simulator.LightControlScheduleSimulatorImpl - Lux: 70794.57843841374
2025-01-16 23:11:05.861 [main] INFO  org.mykhailomi.simulators.simulator.LightControlScheduleSimulatorImpl - Time: 00 15:00:00
2025-01-16 23:11:05.861 [main] INFO  org.mykhailomi.simulators.simulator.LightControlScheduleSimulatorImpl - Lux: 47315.12589614803
2025-01-16 23:11:05.861 [main] INFO  org.mykhailomi.simulators.simulator.LightControlScheduleSimulatorImpl - Time: 00 15:30:00
2025-01-16 23:11:05.861 [main] INFO  org.mykhailomi.simulators.simulator.LightControlScheduleSimulatorImpl - Lux: 47315.12589614803
2025-01-16 23:11:05.862 [main] INFO  org.mykhailomi.simulators.simulator.LightControlScheduleSimulatorImpl - Time: 00 16:00:00
2025-01-16 23:11:05.862 [main] INFO  org.mykhailomi.simulators.simulator.LightControlScheduleSimulatorImpl - Lux: 31622.776601683792
2025-01-16 23:11:05.862 [main] INFO  org.mykhailomi.simulators.simulator.LightControlScheduleSimulatorImpl - Time: 00 16:30:00
2025-01-16 23:11:05.862 [main] INFO  org.mykhailomi.simulators.simulator.LightControlScheduleSimulatorImpl - Lux: 31622.776601683792
2025-01-16 23:11:05.862 [main] INFO  org.mykhailomi.simulators.simulator.LightControlScheduleSimulatorImpl - Time: 00 17:00:00
2025-01-16 23:11:05.862 [main] INFO  org.mykhailomi.simulators.simulator.LightControlScheduleSimulatorImpl - Lux: 10000.0
2025-01-16 23:11:05.862 [main] INFO  org.mykhailomi.simulators.simulator.LightControlScheduleSimulatorImpl - Time: 00 17:30:00
2025-01-16 23:11:05.862 [main] INFO  org.mykhailomi.simulators.simulator.LightControlScheduleSimulatorImpl - Lux: 10000.0
2025-01-16 23:11:05.862 [main] INFO  org.mykhailomi.simulators.simulator.LightControlScheduleSimulatorImpl - Time: 00 18:00:00
2025-01-16 23:11:05.862 [main] INFO  org.mykhailomi.simulators.simulator.LightControlScheduleSimulatorImpl - Lux: 3162.2776601683795
2025-01-16 23:11:05.863 [main] INFO  org.mykhailomi.simulators.simulator.LightControlScheduleSimulatorImpl - Time: 00 18:30:00
2025-01-16 23:11:05.863 [main] INFO  org.mykhailomi.simulators.simulator.LightControlScheduleSimulatorImpl - Lux: 3162.2776601683795
2025-01-16 23:11:05.863 [main] INFO  org.mykhailomi.simulators.simulator.LightControlScheduleSimulatorImpl - Time: 00 19:00:00
2025-01-16 23:11:05.863 [main] INFO  org.mykhailomi.simulators.simulator.LightControlScheduleSimulatorImpl - Lux: 1.584893192461114
2025-01-16 23:11:05.864 [main] INFO  org.mykhailomi.simulators.lamps.LedLamp220VWhite - LedLamp220VWhite has been on.
2025-01-16 23:11:05.864 [main] INFO  org.mykhailomi.simulators.simulator.LightControlScheduleSimulatorImpl - Time: 00 19:30:00
2025-01-16 23:11:05.864 [main] INFO  org.mykhailomi.simulators.simulator.LightControlScheduleSimulatorImpl - Lux: 1.584893192461114
2025-01-16 23:11:05.864 [main] INFO  org.mykhailomi.simulators.simulator.LightControlScheduleSimulatorImpl - Time: 00 20:00:00
2025-01-16 23:11:05.864 [main] INFO  org.mykhailomi.simulators.simulator.LightControlScheduleSimulatorImpl - Lux: 7.943282347242813E-4
2025-01-16 23:11:05.864 [main] INFO  org.mykhailomi.simulators.simulator.LightControlScheduleSimulatorImpl - Time: 00 20:30:00
2025-01-16 23:11:05.864 [main] INFO  org.mykhailomi.simulators.simulator.LightControlScheduleSimulatorImpl - Lux: 7.943282347242813E-4
2025-01-16 23:11:05.864 [main] INFO  org.mykhailomi.simulators.simulator.LightControlScheduleSimulatorImpl - Time: 00 21:00:00
2025-01-16 23:11:05.864 [main] INFO  org.mykhailomi.simulators.simulator.LightControlScheduleSimulatorImpl - Lux: 7.498942093324559E-4
2025-01-16 23:11:05.864 [main] INFO  org.mykhailomi.simulators.lamps.LedLamp220VRed - LedLamp220VRed has been on.
2025-01-16 23:11:05.864 [main] INFO  org.mykhailomi.simulators.lamps.LedLamp220VWhite - LedLamp220VWhite has been off.
2025-01-16 23:11:05.866 [main] INFO  org.mykhailomi.simulators.simulator.LightControlScheduleSimulatorImpl - Time: 00 21:30:00
2025-01-16 23:11:05.866 [main] INFO  org.mykhailomi.simulators.simulator.LightControlScheduleSimulatorImpl - Lux: 7.498942093324559E-4
2025-01-16 23:11:05.866 [main] INFO  org.mykhailomi.simulators.lamps.LedLamp220VRed - LedLamp220VRed has been off.
2025-01-16 23:11:05.866 [main] INFO  org.mykhailomi.simulators.simulator.LightControlScheduleSimulatorImpl - Time: 00 22:00:00
2025-01-16 23:11:05.866 [main] INFO  org.mykhailomi.simulators.simulator.LightControlScheduleSimulatorImpl - Lux: 7.079457843841374E-4
2025-01-16 23:11:05.866 [main] INFO  org.mykhailomi.simulators.simulator.LightControlScheduleSimulatorImpl - Time: 00 22:30:00
2025-01-16 23:11:05.866 [main] INFO  org.mykhailomi.simulators.simulator.LightControlScheduleSimulatorImpl - Lux: 7.079457843841374E-4
2025-01-16 23:11:05.866 [main] INFO  org.mykhailomi.simulators.simulator.LightControlScheduleSimulatorImpl - Time: 00 23:00:00
2025-01-16 23:11:05.866 [main] INFO  org.mykhailomi.simulators.simulator.LightControlScheduleSimulatorImpl - Lux: 6.683439175686143E-4
2025-01-16 23:11:05.866 [main] INFO  org.mykhailomi.simulators.simulator.LightControlScheduleSimulatorImpl - Time: 00 23:30:00
2025-01-16 23:11:05.866 [main] INFO  org.mykhailomi.simulators.simulator.LightControlScheduleSimulatorImpl - Lux: 6.683439175686143E-4
2025-01-16 23:14:27.556 [main] INFO  org.mykhailomi.simulators.simulator.LightControlScheduleSimulatorImpl - Time: 00 00:00:00
2025-01-16 23:14:27.560 [main] INFO  org.mykhailomi.simulators.simulator.LightControlScheduleSimulatorImpl - Lux: 7.943282347242813E-4
2025-01-16 23:14:27.560 [main] INFO  org.mykhailomi.simulators.simulator.LightControlScheduleSimulatorImpl - Time: 00 00:30:00
2025-01-16 23:14:27.561 [main] INFO  org.mykhailomi.simulators.simulator.LightControlScheduleSimulatorImpl - Lux: 7.943282347242813E-4
2025-01-16 23:14:27.561 [main] INFO  org.mykhailomi.simulators.simulator.LightControlScheduleSimulatorImpl - Time: 00 01:00:00
2025-01-16 23:14:27.561 [main] INFO  org.mykhailomi.simulators.simulator.LightControlScheduleSimulatorImpl - Lux: 7.943282347242813E-4
2025-01-16 23:14:27.561 [main] INFO  org.mykhailomi.simulators.simulator.LightControlScheduleSimulatorImpl - Time: 00 01:30:00
2025-01-16 23:14:27.561 [main] INFO  org.mykhailomi.simulators.simulator.LightControlScheduleSimulatorImpl - Lux: 7.943282347242813E-4
2025-01-16 23:14:27.561 [main] INFO  org.mykhailomi.simulators.simulator.LightControlScheduleSimulatorImpl - Time: 00 02:00:00
2025-01-16 23:14:27.561 [main] INFO  org.mykhailomi.simulators.simulator.LightControlScheduleSimulatorImpl - Lux: 7.943282347242813E-4
2025-01-16 23:14:27.562 [main] INFO  org.mykhailomi.simulators.simulator.LightControlScheduleSimulatorImpl - Time: 00 02:30:00
2025-01-16 23:14:27.562 [main] INFO  org.mykhailomi.simulators.simulator.LightControlScheduleSimulatorImpl - Lux: 7.943282347242813E-4
2025-01-16 23:14:27.562 [main] INFO  org.mykhailomi.simulators.simulator.LightControlScheduleSimulatorImpl - Time: 00 03:00:00
2025-01-16 23:14:27.562 [main] INFO  org.mykhailomi.simulators.simulator.LightControlScheduleSimulatorImpl - Lux: 7.943282347242813E-4
2025-01-16 23:14:27.562 [main] INFO  org.mykhailomi.simulators.simulator.LightControlScheduleSimulatorImpl - Time: 00 03:30:00
2025-01-16 23:14:27.563 [main] INFO  org.mykhailomi.simulators.simulator.LightControlScheduleSimulatorImpl - Lux: 7.943282347242813E-4
2025-01-16 23:14:27.563 [main] INFO  org.mykhailomi.simulators.simulator.LightControlScheduleSimulatorImpl - Time: 00 04:00:00
2025-01-16 23:14:27.563 [main] INFO  org.mykhailomi.simulators.simulator.LightControlScheduleSimulatorImpl - Lux: 5.011872336272725E-4
2025-01-16 23:14:27.563 [main] INFO  org.mykhailomi.simulators.simulator.LightControlScheduleSimulatorImpl - Time: 00 04:30:00
2025-01-16 23:14:27.563 [main] INFO  org.mykhailomi.simulators.simulator.LightControlScheduleSimulatorImpl - Lux: 5.011872336272725E-4
2025-01-16 23:14:27.563 [main] INFO  org.mykhailomi.simulators.simulator.LightControlScheduleSimulatorImpl - Time: 00 05:00:00
2025-01-16 23:14:27.563 [main] INFO  org.mykhailomi.simulators.simulator.LightControlScheduleSimulatorImpl - Lux: 0.707945784384138
2025-01-16 23:14:27.564 [main] INFO  org.mykhailomi.simulators.simulator.LightControlScheduleSimulatorImpl - Time: 00 05:30:00
2025-01-16 23:14:27.564 [main] INFO  org.mykhailomi.simulators.simulator.LightControlScheduleSimulatorImpl - Lux: 0.707945784384138
2025-01-16 23:14:27.564 [main] INFO  org.mykhailomi.simulators.simulator.LightControlScheduleSimulatorImpl - Time: 00 06:00:00
2025-01-16 23:14:27.564 [main] INFO  org.mykhailomi.simulators.simulator.LightControlScheduleSimulatorImpl - Lux: 1000.0
2025-01-16 23:14:27.564 [main] INFO  org.mykhailomi.simulators.simulator.LightControlScheduleSimulatorImpl - Time: 00 06:30:00
2025-01-16 23:14:27.564 [main] INFO  org.mykhailomi.simulators.simulator.LightControlScheduleSimulatorImpl - Lux: 1000.0
2025-01-16 23:14:27.564 [main] INFO  org.mykhailomi.simulators.simulator.LightControlScheduleSimulatorImpl - Time: 00 07:00:00
2025-01-16 23:14:27.564 [main] INFO  org.mykhailomi.simulators.simulator.LightControlScheduleSimulatorImpl - Lux: 5623.413251903491
2025-01-16 23:14:27.564 [main] INFO  org.mykhailomi.simulators.simulator.LightControlScheduleSimulatorImpl - Time: 00 07:30:00
2025-01-16 23:14:27.564 [main] INFO  org.mykhailomi.simulators.simulator.LightControlScheduleSimulatorImpl - Lux: 5623.413251903491
2025-01-16 23:14:27.565 [main] INFO  org.mykhailomi.simulators.simulator.LightControlScheduleSimulatorImpl - Time: 00 08:00:00
2025-01-16 23:14:27.565 [main] INFO  org.mykhailomi.simulators.simulator.LightControlScheduleSimulatorImpl - Lux: 31622.776601683792
2025-01-16 23:14:27.565 [main] INFO  org.mykhailomi.simulators.simulator.LightControlScheduleSimulatorImpl - Time: 00 08:30:00
2025-01-16 23:14:27.565 [main] INFO  org.mykhailomi.simulators.simulator.LightControlScheduleSimulatorImpl - Lux: 31622.776601683792
2025-01-16 23:14:27.565 [main] INFO  org.mykhailomi.simulators.simulator.LightControlScheduleSimulatorImpl - Time: 00 09:00:00
2025-01-16 23:14:27.565 [main] INFO  org.mykhailomi.simulators.simulator.LightControlScheduleSimulatorImpl - Lux: 47315.12589614803
2025-01-16 23:14:27.565 [main] INFO  org.mykhailomi.simulators.simulator.LightControlScheduleSimulatorImpl - Time: 00 09:30:00
2025-01-16 23:14:27.565 [main] INFO  org.mykhailomi.simulators.simulator.LightControlScheduleSimulatorImpl - Lux: 47315.12589614803
2025-01-16 23:14:27.567 [main] INFO  org.mykhailomi.simulators.simulator.LightControlScheduleSimulatorImpl - Time: 00 10:00:00
2025-01-16 23:14:27.567 [main] INFO  org.mykhailomi.simulators.simulator.LightControlScheduleSimulatorImpl - Lux: 70794.57843841374
2025-01-16 23:14:27.567 [main] INFO  org.mykhailomi.simulators.simulator.LightControlScheduleSimulatorImpl - Time: 00 10:30:00
2025-01-16 23:14:27.567 [main] INFO  org.mykhailomi.simulators.simulator.LightControlScheduleSimulatorImpl - Lux: 70794.57843841374
2025-01-16 23:14:27.567 [main] INFO  org.mykhailomi.simulators.simulator.LightControlScheduleSimulatorImpl - Time: 00 11:00:00
2025-01-16 23:14:27.567 [main] INFO  org.mykhailomi.simulators.simulator.LightControlScheduleSimulatorImpl - Lux: 105925.37251772897
2025-01-16 23:14:27.567 [main] INFO  org.mykhailomi.simulators.simulator.LightControlScheduleSimulatorImpl - Time: 00 11:30:00
2025-01-16 23:14:27.567 [main] INFO  org.mykhailomi.simulators.simulator.LightControlScheduleSimulatorImpl - Lux: 105925.37251772897
2025-01-16 23:14:27.567 [main] INFO  org.mykhailomi.simulators.simulator.LightControlScheduleSimulatorImpl - Time: 00 12:00:00
2025-01-16 23:14:27.568 [main] INFO  org.mykhailomi.simulators.simulator.LightControlScheduleSimulatorImpl - Lux: 158489.3192461114
2025-01-16 23:14:27.568 [main] INFO  org.mykhailomi.simulators.simulator.LightControlScheduleSimulatorImpl - Time: 00 12:30:00
2025-01-16 23:14:27.568 [main] INFO  org.mykhailomi.simulators.simulator.LightControlScheduleSimulatorImpl - Lux: 158489.3192461114
2025-01-16 23:14:27.568 [main] INFO  org.mykhailomi.simulators.simulator.LightControlScheduleSimulatorImpl - Time: 00 13:00:00
2025-01-16 23:14:27.568 [main] INFO  org.mykhailomi.simulators.simulator.LightControlScheduleSimulatorImpl - Lux: 105925.37251772897
2025-01-16 23:14:27.568 [main] INFO  org.mykhailomi.simulators.simulator.LightControlScheduleSimulatorImpl - Time: 00 13:30:00
2025-01-16 23:14:27.568 [main] INFO  org.mykhailomi.simulators.simulator.LightControlScheduleSimulatorImpl - Lux: 105925.37251772897
2025-01-16 23:14:27.568 [main] INFO  org.mykhailomi.simulators.simulator.LightControlScheduleSimulatorImpl - Time: 00 14:00:00
2025-01-16 23:14:27.568 [main] INFO  org.mykhailomi.simulators.simulator.LightControlScheduleSimulatorImpl - Lux: 70794.57843841374
2025-01-16 23:14:27.569 [main] INFO  org.mykhailomi.simulators.simulator.LightControlScheduleSimulatorImpl - Time: 00 14:30:00
2025-01-16 23:14:27.569 [main] INFO  org.mykhailomi.simulators.simulator.LightControlScheduleSimulatorImpl - Lux: 70794.57843841374
2025-01-16 23:14:27.569 [main] INFO  org.mykhailomi.simulators.simulator.LightControlScheduleSimulatorImpl - Time: 00 15:00:00
2025-01-16 23:14:27.569 [main] INFO  org.mykhailomi.simulators.simulator.LightControlScheduleSimulatorImpl - Lux: 47315.12589614803
2025-01-16 23:14:27.569 [main] INFO  org.mykhailomi.simulators.simulator.LightControlScheduleSimulatorImpl - Time: 00 15:30:00
2025-01-16 23:14:27.570 [main] INFO  org.mykhailomi.simulators.simulator.LightControlScheduleSimulatorImpl - Lux: 47315.12589614803
2025-01-16 23:14:27.570 [main] INFO  org.mykhailomi.simulators.simulator.LightControlScheduleSimulatorImpl - Time: 00 16:00:00
2025-01-16 23:14:27.570 [main] INFO  org.mykhailomi.simulators.simulator.LightControlScheduleSimulatorImpl - Lux: 31622.776601683792
2025-01-16 23:14:27.570 [main] INFO  org.mykhailomi.simulators.simulator.LightControlScheduleSimulatorImpl - Time: 00 16:30:00
2025-01-16 23:14:27.570 [main] INFO  org.mykhailomi.simulators.simulator.LightControlScheduleSimulatorImpl - Lux: 31622.776601683792
2025-01-16 23:14:27.570 [main] INFO  org.mykhailomi.simulators.simulator.LightControlScheduleSimulatorImpl - Time: 00 17:00:00
2025-01-16 23:14:27.570 [main] INFO  org.mykhailomi.simulators.simulator.LightControlScheduleSimulatorImpl - Lux: 10000.0
2025-01-16 23:14:27.571 [main] INFO  org.mykhailomi.simulators.simulator.LightControlScheduleSimulatorImpl - Time: 00 17:30:00
2025-01-16 23:14:27.571 [main] INFO  org.mykhailomi.simulators.simulator.LightControlScheduleSimulatorImpl - Lux: 10000.0
2025-01-16 23:14:27.571 [main] INFO  org.mykhailomi.simulators.simulator.LightControlScheduleSimulatorImpl - Time: 00 18:00:00
2025-01-16 23:14:27.571 [main] INFO  org.mykhailomi.simulators.simulator.LightControlScheduleSimulatorImpl - Lux: 3162.2776601683795
2025-01-16 23:14:27.571 [main] INFO  org.mykhailomi.simulators.simulator.LightControlScheduleSimulatorImpl - Time: 00 18:30:00
2025-01-16 23:14:27.571 [main] INFO  org.mykhailomi.simulators.simulator.LightControlScheduleSimulatorImpl - Lux: 3162.2776601683795
2025-01-16 23:14:27.572 [main] INFO  org.mykhailomi.simulators.simulator.LightControlScheduleSimulatorImpl - Time: 00 19:00:00
2025-01-16 23:14:27.572 [main] INFO  org.mykhailomi.simulators.simulator.LightControlScheduleSimulatorImpl - Lux: 1.584893192461114
2025-01-16 23:14:27.572 [main] INFO  org.mykhailomi.simulators.lamps.LedLamp220VWhite - LedLamp220VWhite has been on.
2025-01-16 23:14:27.574 [main] INFO  org.mykhailomi.simulators.simulator.LightControlScheduleSimulatorImpl - Time: 00 19:30:00
2025-01-16 23:14:27.574 [main] INFO  org.mykhailomi.simulators.simulator.LightControlScheduleSimulatorImpl - Lux: 1.584893192461114
2025-01-16 23:14:27.574 [main] INFO  org.mykhailomi.simulators.simulator.LightControlScheduleSimulatorImpl - Time: 00 20:00:00
2025-01-16 23:14:27.574 [main] INFO  org.mykhailomi.simulators.simulator.LightControlScheduleSimulatorImpl - Lux: 7.943282347242813E-4
2025-01-16 23:14:27.574 [main] INFO  org.mykhailomi.simulators.simulator.LightControlScheduleSimulatorImpl - Time: 00 20:30:00
2025-01-16 23:14:27.574 [main] INFO  org.mykhailomi.simulators.simulator.LightControlScheduleSimulatorImpl - Lux: 7.943282347242813E-4
2025-01-16 23:14:27.574 [main] INFO  org.mykhailomi.simulators.simulator.LightControlScheduleSimulatorImpl - Time: 00 21:00:00
2025-01-16 23:14:27.574 [main] INFO  org.mykhailomi.simulators.simulator.LightControlScheduleSimulatorImpl - Lux: 7.498942093324559E-4
2025-01-16 23:14:27.574 [main] INFO  org.mykhailomi.simulators.lamps.LedLamp220VRed - LedLamp220VRed has been on.
2025-01-16 23:14:27.575 [main] INFO  org.mykhailomi.simulators.lamps.LedLamp220VWhite - LedLamp220VWhite has been off.
2025-01-16 23:14:27.575 [main] INFO  org.mykhailomi.simulators.simulator.LightControlScheduleSimulatorImpl - Time: 00 21:30:00
2025-01-16 23:14:27.575 [main] INFO  org.mykhailomi.simulators.simulator.LightControlScheduleSimulatorImpl - Lux: 7.498942093324559E-4
2025-01-16 23:14:27.575 [main] INFO  org.mykhailomi.simulators.lamps.LedLamp220VRed - LedLamp220VRed has been off.
2025-01-16 23:14:27.575 [main] INFO  org.mykhailomi.simulators.simulator.LightControlScheduleSimulatorImpl - Time: 00 22:00:00
2025-01-16 23:14:27.575 [main] INFO  org.mykhailomi.simulators.simulator.LightControlScheduleSimulatorImpl - Lux: 7.079457843841374E-4
2025-01-16 23:14:27.575 [main] INFO  org.mykhailomi.simulators.simulator.LightControlScheduleSimulatorImpl - Time: 00 22:30:00
2025-01-16 23:14:27.575 [main] INFO  org.mykhailomi.simulators.simulator.LightControlScheduleSimulatorImpl - Lux: 7.079457843841374E-4
2025-01-16 23:14:27.576 [main] INFO  org.mykhailomi.simulators.simulator.LightControlScheduleSimulatorImpl - Time: 00 23:00:00
2025-01-16 23:14:27.576 [main] INFO  org.mykhailomi.simulators.simulator.LightControlScheduleSimulatorImpl - Lux: 6.683439175686143E-4
2025-01-16 23:14:27.576 [main] INFO  org.mykhailomi.simulators.simulator.LightControlScheduleSimulatorImpl - Time: 00 23:30:00
2025-01-16 23:14:27.576 [main] INFO  org.mykhailomi.simulators.simulator.LightControlScheduleSimulatorImpl - Lux: 6.683439175686143E-4
