2024-12-20 19:45:57.248 [main] INFO  org.mykhailomi.generator.IlluminanceGeneratorTest - test
2024-12-20 19:45:57.251 [main] INFO  org.mykhailomi.generator.IlluminanceGeneratorTest - test
2024-12-20 19:55:06.686 [main] INFO  org.mykhailomi.generator.IlluminanceGeneratorTest - lux=0
2024-12-20 20:03:03.261 [main] INFO  org.mykhailomi.simulators.generator.illuminance.SimpleIlluminanceGeneratorImpl - hour=24
2024-12-20 20:03:03.266 [main] INFO  org.mykhailomi.simulators.generator.illuminance.SimpleIlluminanceGeneratorImpl - index=8
2024-12-20 20:03:03.266 [main] INFO  org.mykhailomi.simulators.generator.illuminance.SimpleIlluminanceGeneratorImpl - hours[index]=20
2024-12-20 20:03:03.267 [main] INFO  org.mykhailomi.simulators.generator.illuminance.SimpleIlluminanceGeneratorImpl - luxLog=-3.2
2024-12-20 20:03:03.267 [main] INFO  org.mykhailomi.generator.IlluminanceGeneratorTest - lux=0
2024-12-20 20:04:10.637 [main] INFO  org.mykhailomi.simulators.generator.illuminance.SimpleIlluminanceGeneratorImpl - hour=24
2024-12-20 20:04:10.642 [main] INFO  org.mykhailomi.simulators.generator.illuminance.SimpleIlluminanceGeneratorImpl - index=8
2024-12-20 20:04:10.642 [main] INFO  org.mykhailomi.simulators.generator.illuminance.SimpleIlluminanceGeneratorImpl - hours[index]=20
2024-12-20 20:04:10.642 [main] INFO  org.mykhailomi.simulators.generator.illuminance.SimpleIlluminanceGeneratorImpl - luxLog=-3.2
2024-12-20 20:04:10.642 [main] INFO  org.mykhailomi.generator.IlluminanceGeneratorTest - lux=6.30957344480193E-4
2024-12-20 20:04:48.660 [main] INFO  org.mykhailomi.simulators.generator.illuminance.SimpleIlluminanceGeneratorImpl - hour=23
2024-12-20 20:04:48.666 [main] INFO  org.mykhailomi.simulators.generator.illuminance.SimpleIlluminanceGeneratorImpl - index=8
2024-12-20 20:04:48.666 [main] INFO  org.mykhailomi.simulators.generator.illuminance.SimpleIlluminanceGeneratorImpl - hours[index]=20
2024-12-20 20:04:48.666 [main] INFO  org.mykhailomi.simulators.generator.illuminance.SimpleIlluminanceGeneratorImpl - luxLog=-3.2
2024-12-20 20:04:48.667 [main] INFO  org.mykhailomi.generator.IlluminanceGeneratorTest - lux=6.30957344480193E-4
2024-12-20 20:05:27.598 [main] INFO  org.mykhailomi.simulators.generator.illuminance.SimpleIlluminanceGeneratorImpl - hour=16
2024-12-20 20:05:27.603 [main] INFO  org.mykhailomi.simulators.generator.illuminance.SimpleIlluminanceGeneratorImpl - index=6
2024-12-20 20:05:27.603 [main] INFO  org.mykhailomi.simulators.generator.illuminance.SimpleIlluminanceGeneratorImpl - hours[index]=16
2024-12-20 20:05:27.604 [main] INFO  org.mykhailomi.simulators.generator.illuminance.SimpleIlluminanceGeneratorImpl - luxLog=4.5
2024-12-20 20:05:27.604 [main] INFO  org.mykhailomi.generator.IlluminanceGeneratorTest - lux=31622.776601683792
2024-12-20 20:06:23.725 [main] INFO  org.mykhailomi.simulators.generator.illuminance.SimpleIlluminanceGeneratorImpl - hour=17
2024-12-20 20:06:23.730 [main] INFO  org.mykhailomi.simulators.generator.illuminance.SimpleIlluminanceGeneratorImpl - index=6
2024-12-20 20:06:23.731 [main] INFO  org.mykhailomi.simulators.generator.illuminance.SimpleIlluminanceGeneratorImpl - hours[index]=16
2024-12-20 20:06:23.731 [main] INFO  org.mykhailomi.simulators.generator.illuminance.SimpleIlluminanceGeneratorImpl - luxLog=4.0
2024-12-20 20:06:23.731 [main] INFO  org.mykhailomi.generator.IlluminanceGeneratorTest - lux=10000.0
2024-12-20 21:54:37.695 [main] DEBUG org.mykhailomi.simulators.generator.illuminance.SimpleIlluminanceGeneratorImpl - hour=17
2024-12-20 21:54:37.699 [main] INFO  org.mykhailomi.simulators.generator.illuminance.SimpleIlluminanceGeneratorImpl - index=6
2024-12-20 21:54:37.699 [main] INFO  org.mykhailomi.simulators.generator.illuminance.SimpleIlluminanceGeneratorImpl - hours[index]=16
2024-12-20 21:54:37.700 [main] INFO  org.mykhailomi.simulators.generator.illuminance.SimpleIlluminanceGeneratorImpl - luxLog=4.0
2024-12-20 21:54:37.700 [main] INFO  org.mykhailomi.generator.IlluminanceGeneratorTest - lux=10000.0
2024-12-20 21:56:44.257 [main] DEBUG org.mykhailomi.simulators.generator.illuminance.SimpleIlluminanceGeneratorImpl - hour=13
2024-12-20 21:56:44.262 [main] DEBUG org.mykhailomi.simulators.generator.illuminance.SimpleIlluminanceGeneratorImpl - index=5
2024-12-20 21:56:44.262 [main] DEBUG org.mykhailomi.simulators.generator.illuminance.SimpleIlluminanceGeneratorImpl - hours[index]=12
2024-12-20 21:56:44.262 [main] DEBUG org.mykhailomi.simulators.generator.illuminance.SimpleIlluminanceGeneratorImpl - luxLog=5.025
2024-12-20 21:56:44.262 [main] INFO  org.mykhailomi.generator.IlluminanceGeneratorTest - lux=105925.37251772897
2024-12-20 22:03:55.301 [main] DEBUG org.mykhailomi.simulators.generator.illuminance.SimpleIlluminanceGeneratorImpl - hour=-1
2024-12-20 22:03:55.305 [main] DEBUG org.mykhailomi.simulators.generator.illuminance.SimpleIlluminanceGeneratorImpl - index=-1
2024-12-20 22:11:08.164 [main] DEBUG org.mykhailomi.simulators.generator.illuminance.SimpleIlluminanceGeneratorImpl - hour=-1
2024-12-20 22:13:23.991 [main] DEBUG org.mykhailomi.simulators.generator.illuminance.SimpleIlluminanceGeneratorImpl - hour=-1
2024-12-20 22:15:06.933 [main] DEBUG org.mykhailomi.simulators.generator.illuminance.SimpleIlluminanceGeneratorImpl - hour=-1
2024-12-20 22:16:52.603 [main] DEBUG org.mykhailomi.simulators.generator.illuminance.SimpleIlluminanceGeneratorImpl - hour=0
2024-12-20 22:16:52.608 [main] DEBUG org.mykhailomi.simulators.generator.illuminance.SimpleIlluminanceGeneratorImpl - index=0
2024-12-20 22:16:52.609 [main] DEBUG org.mykhailomi.simulators.generator.illuminance.SimpleIlluminanceGeneratorImpl - hours[index]=0
2024-12-20 22:16:52.609 [main] DEBUG org.mykhailomi.simulators.generator.illuminance.SimpleIlluminanceGeneratorImpl - luxLog=-3.1
2024-12-20 22:16:52.609 [main] INFO  org.mykhailomi.generator.IlluminanceGeneratorTest - lux=7.943282347242813E-4
